SF:lib/common/injector.dart
DA:91,3
DA:92,0
DA:96,0
DA:97,0
DA:99,0
DA:100,0
DA:102,0
DA:103,0
DA:105,0
DA:110,0
DA:111,0
DA:113,0
DA:118,0
DA:120,0
DA:125,0
DA:128,0
DA:129,0
DA:132,0
DA:133,0
DA:134,0
DA:135,0
DA:138,0
DA:139,0
DA:141,0
DA:142,0
DA:143,0
DA:146,0
DA:147,0
DA:148,0
DA:149,0
DA:150,0
DA:152,0
DA:153,0
DA:159,0
DA:160,0
DA:161,0
DA:162,0
DA:164,0
DA:167,0
DA:168,0
DA:170,0
DA:171,0
DA:172,0
DA:174,0
DA:175,0
DA:178,0
DA:179,0
DA:182,0
DA:183,0
DA:185,0
DA:190,0
DA:191,0
DA:193,0
DA:194,0
DA:197,0
DA:198,0
DA:201,0
DA:202,0
DA:203,0
DA:204,0
DA:205,0
DA:206,0
DA:208,0
DA:209,0
DA:211,0
DA:212,0
DA:213,0
DA:216,0
DA:217,0
DA:220,0
DA:221,0
DA:222,0
DA:223,0
DA:227,0
DA:231,0
DA:233,0
DA:234,0
DA:235,0
DA:236,0
DA:237,0
DA:238,0
DA:243,0
DA:244,0
DA:245,0
DA:246,0
DA:250,0
DA:251,0
DA:252,0
DA:253,0
DA:258,0
DA:261,0
DA:262,0
DA:264,0
DA:265,0
DA:266,0
DA:267,0
DA:268,0
DA:269,0
DA:274,0
DA:276,0
DA:279,0
DA:281,0
DA:283,0
DA:284,0
DA:287,0
DA:288,0
DA:291,0
DA:292,0
DA:293,0
DA:297,0
DA:298,0
DA:299,0
DA:300,0
DA:303,0
DA:304,0
DA:307,0
DA:311,0
DA:312,0
DA:315,0
DA:316,0
DA:317,0
DA:320,0
DA:321,0
DA:322,0
DA:323,0
DA:335,0
DA:337,0
DA:338,0
DA:341,0
DA:342,0
DA:343,0
DA:344,0
DA:348,0
DA:349,0
DA:350,0
DA:351,0
DA:355,0
DA:356,0
DA:359,0
DA:360,0
DA:361,0
DA:362,0
DA:365,0
DA:366,0
DA:368,0
DA:371,0
DA:372,0
DA:375,0
DA:376,0
DA:379,0
DA:383,0
DA:384,0
DA:386,0
DA:387,0
DA:390,0
DA:391,0
DA:394,0
DA:395,0
DA:397,0
DA:401,0
DA:402,0
DA:403,0
DA:404,0
DA:409,0
DA:413,0
DA:414,0
DA:417,0
DA:421,0
DA:425,0
DA:426,0
DA:429,0
DA:433,0
DA:434,0
DA:435,0
DA:436,0
DA:441,0
DA:445,0
DA:446,0
DA:447,0
DA:451,0
DA:452,0
DA:454,0
DA:455,0
DA:456,0
DA:460,0
DA:461,0
DA:462,0
DA:463,0
DA:464,0
DA:465,0
DA:466,0
DA:471,0
DA:472,0
DA:476,0
DA:477,0
DA:480,0
DA:482,0
LF:197
LH:1
end_of_record
SF:lib/gateway/tv_cast_api.g.dart
DA:12,0
DA:21,0
DA:27,0
DA:30,0
DA:31,0
DA:32,0
DA:33,0
DA:38,0
DA:39,0
DA:44,0
DA:45,0
DA:46,0
DA:47,0
DA:49,0
DA:53,0
DA:54,0
DA:55,0
DA:56,0
DA:57,0
DA:58,0
DA:60,0
DA:66,0
DA:70,0
DA:74,0
DA:76,0
DA:77,0
DA:80,0
LF:27
LH:0
end_of_record
SF:lib/model/canvas_cast_request_reply.dart
DA:42,0
DA:44,0
DA:46,0
DA:48,0
DA:50,0
DA:52,0
DA:54,0
DA:56,0
DA:58,0
DA:60,0
DA:62,0
DA:64,0
DA:66,0
DA:68,0
DA:70,0
DA:72,0
DA:74,0
DA:76,0
DA:78,0
DA:80,0
DA:82,0
DA:84,0
DA:86,0
DA:88,0
DA:91,0
DA:95,1
DA:96,1
DA:97,1
DA:99,1
DA:100,1
DA:101,1
DA:103,1
DA:105,1
DA:107,1
DA:109,1
DA:111,1
DA:113,1
DA:115,1
DA:117,1
DA:119,1
DA:121,1
DA:123,1
DA:125,1
DA:127,1
DA:129,1
DA:131,1
DA:133,1
DA:135,1
DA:137,1
DA:139,1
DA:141,1
DA:144,0
DA:150,2
DA:154,2
DA:155,4
DA:156,2
DA:165,0
DA:167,0
DA:174,0
DA:175,0
DA:176,0
DA:179,0
DA:182,0
DA:183,0
DA:184,0
DA:190,1
DA:192,0
DA:194,2
DA:198,1
DA:200,0
DA:201,0
DA:202,0
DA:203,0
DA:209,0
DA:210,0
DA:211,0
DA:212,0
DA:233,1
DA:239,0
DA:240,0
DA:241,0
DA:242,0
DA:248,2
DA:249,1
DA:250,1
DA:251,2
DA:257,1
DA:259,0
DA:260,0
DA:262,0
DA:263,0
DA:270,1
DA:271,1
DA:272,2
DA:273,1
DA:279,1
DA:281,2
DA:282,1
DA:283,1
DA:284,0
DA:285,0
DA:291,0
DA:292,0
DA:293,0
DA:294,0
DA:300,0
DA:302,0
DA:303,0
DA:305,0
DA:306,0
DA:311,0
DA:313,0
DA:314,0
DA:319,0
DA:321,0
DA:322,0
DA:326,0
DA:327,0
DA:328,0
DA:334,0
DA:336,0
DA:337,0
DA:338,0
DA:343,0
DA:344,0
DA:345,0
DA:346,0
DA:352,0
DA:358,0
DA:359,0
DA:360,0
DA:362,0
DA:363,0
DA:365,0
DA:371,0
DA:372,0
DA:373,0
DA:374,0
DA:380,0
DA:382,0
DA:383,0
DA:385,0
DA:386,0
DA:391,0
DA:403,0
DA:404,0
DA:405,0
DA:406,0
DA:407,0
DA:408,0
DA:409,0
DA:410,0
DA:413,0
DA:414,0
DA:415,0
DA:416,0
DA:419,0
DA:421,0
DA:422,0
DA:423,0
DA:424,0
DA:428,0
DA:429,0
DA:431,0
DA:432,0
DA:436,0
DA:437,0
DA:448,0
DA:449,0
DA:450,0
DA:451,0
DA:452,0
DA:453,0
DA:454,0
DA:455,0
DA:456,0
DA:457,0
DA:458,0
DA:462,0
DA:475,0
DA:476,0
DA:477,0
DA:478,0
DA:479,0
DA:480,0
DA:481,0
DA:482,0
DA:483,0
DA:484,0
DA:490,0
DA:496,1
DA:501,0
DA:502,0
DA:503,0
DA:504,0
DA:512,1
DA:514,1
DA:515,2
DA:516,2
DA:522,0
DA:524,0
DA:525,0
DA:529,0
DA:534,0
DA:535,0
DA:536,0
DA:537,0
DA:543,1
DA:545,1
DA:546,2
DA:548,0
DA:549,0
DA:550,0
DA:556,1
DA:558,0
DA:559,0
DA:561,1
DA:562,1
DA:567,1
DA:569,1
DA:570,2
DA:575,1
DA:577,0
DA:578,0
DA:579,0
DA:583,1
DA:584,1
DA:585,1
DA:591,1
DA:593,1
DA:594,2
DA:599,1
DA:601,0
DA:602,0
DA:603,0
DA:607,1
DA:608,1
DA:609,1
DA:615,1
DA:617,1
DA:618,2
DA:623,1
DA:625,0
DA:626,0
DA:627,0
DA:631,1
DA:632,1
DA:633,1
DA:639,1
DA:641,1
DA:642,2
DA:646,1
DA:649,1
DA:650,2
DA:654,1
DA:656,1
DA:657,2
DA:662,1
DA:664,0
DA:665,0
DA:666,0
DA:667,0
DA:668,0
DA:675,1
DA:676,1
DA:677,3
DA:683,1
DA:687,1
DA:688,1
DA:689,1
DA:690,2
DA:691,0
DA:692,0
DA:699,0
DA:700,0
DA:701,0
DA:706,1
DA:709,0
DA:710,0
DA:713,1
DA:714,2
DA:718,1
DA:720,1
DA:721,2
DA:725,1
DA:727,0
DA:728,0
DA:731,1
DA:732,2
DA:736,1
DA:738,2
DA:739,1
DA:740,2
DA:745,0
DA:746,0
DA:750,0
DA:752,0
DA:754,0
DA:759,0
DA:761,0
DA:763,0
DA:766,0
DA:772,0
DA:774,0
DA:775,0
DA:777,0
DA:778,0
DA:782,0
DA:784,0
DA:785,0
DA:786,0
DA:792,0
DA:793,0
DA:797,1
DA:799,0
DA:800,0
DA:802,1
DA:803,1
DA:807,1
DA:809,1
DA:810,1
DA:817,1
DA:819,1
DA:821,0
DA:826,1
DA:828,1
DA:830,1
DA:835,0
DA:837,0
DA:839,0
DA:842,0
DA:846,0
DA:848,0
DA:850,0
DA:853,0
DA:859,1
DA:861,0
DA:862,0
DA:863,0
DA:867,1
DA:868,1
DA:869,2
DA:874,1
DA:876,1
DA:877,2
DA:881,1
DA:884,0
DA:885,0
DA:887,1
DA:888,1
DA:892,1
DA:894,1
DA:895,2
DA:899,1
DA:902,0
DA:903,0
DA:904,0
DA:905,0
DA:906,0
DA:911,1
DA:912,1
DA:914,5
DA:919,1
DA:924,0
DA:925,0
DA:926,0
DA:931,2
DA:933,3
DA:935,3
DA:940,0
DA:942,0
DA:944,0
DA:945,0
DA:949,0
DA:951,0
DA:953,0
DA:954,0
DA:959,0
DA:961,0
DA:962,0
DA:964,0
DA:965,0
DA:970,0
DA:972,0
DA:973,0
DA:978,0
DA:980,0
DA:981,0
DA:983,0
DA:984,0
DA:989,0
DA:991,0
DA:992,0
DA:997,1
DA:999,0
DA:1000,0
DA:1001,0
DA:1005,1
DA:1006,1
DA:1007,1
DA:1013,1
DA:1015,1
DA:1016,1
DA:1017,1
DA:1018,1
DA:1023,0
DA:1024,0
DA:1025,0
DA:1026,0
DA:1031,1
DA:1041,1
DA:1042,1
DA:1043,2
DA:1044,2
DA:1045,2
DA:1050,1
DA:1052,1
DA:1053,2
DA:1057,1
DA:1059,0
DA:1060,0
DA:1062,1
DA:1063,1
DA:1067,1
DA:1069,0
DA:1070,0
DA:1072,1
DA:1073,1
DA:1077,1
DA:1084,2
DA:1086,1
DA:1087,1
DA:1088,1
DA:1089,0
DA:1091,1
DA:1092,0
DA:1094,1
DA:1095,0
DA:1097,1
DA:1098,0
DA:1100,1
DA:1101,0
DA:1105,0
DA:1106,0
DA:1107,0
DA:1108,0
DA:1109,0
DA:1110,0
DA:1122,0
DA:1129,0
DA:1130,0
DA:1132,0
DA:1133,0
DA:1135,0
DA:1136,0
DA:1138,0
DA:1139,0
DA:1141,0
DA:1148,0
DA:1149,0
DA:1150,0
DA:1151,0
DA:1152,0
DA:1155,0
DA:1156,0
DA:1157,0
DA:1164,0
DA:1171,0
DA:1172,0
DA:1174,0
DA:1175,0
DA:1177,0
DA:1178,0
DA:1180,0
DA:1181,0
DA:1183,0
DA:1190,0
DA:1191,0
DA:1192,0
DA:1193,0
DA:1194,0
DA:1197,0
DA:1198,0
DA:1199,0
DA:1206,0
DA:1211,0
DA:1212,0
DA:1214,0
DA:1215,0
DA:1217,0
DA:1222,0
DA:1223,0
DA:1224,0
DA:1227,0
DA:1228,0
DA:1229,0
DA:1236,0
DA:1243,0
DA:1244,0
DA:1245,0
DA:1246,0
DA:1248,0
DA:1249,0
DA:1256,0
DA:1257,0
DA:1258,0
DA:1259,0
DA:1260,0
DA:1266,0
DA:1267,0
DA:1268,0
DA:1274,0
DA:1275,0
DA:1277,0
DA:1278,0
DA:1279,0
DA:1280,0
DA:1281,0
DA:1282,0
DA:1288,1
DA:1290,1
DA:1292,1
DA:1297,1
DA:1299,1
DA:1300,1
DA:1301,1
DA:1307,0
DA:1308,0
LF:528
LH:182
end_of_record
SF:lib/model/device/base_device.dart
DA:2,0
LF:1
LH:0
end_of_record
SF:lib/model/device/ff_bluetooth_device.dart
DA:14,0
DA:16,0
DA:18,0
DA:25,0
DA:27,0
DA:29,0
DA:31,0
DA:39,0
DA:45,0
DA:47,0
DA:53,0
DA:55,0
DA:63,0
DA:64,0
DA:65,0
DA:66,0
DA:67,0
DA:68,0
DA:69,0
DA:70,0
DA:71,0
DA:72,0
DA:74,0
DA:80,0
DA:91,0
DA:92,0
DA:93,0
DA:94,0
DA:95,0
DA:96,0
DA:100,0
DA:107,0
DA:108,0
DA:109,0
DA:110,0
DA:111,0
DA:112,0
DA:116,0
DA:121,0
DA:122,0
DA:123,0
DA:124,0
DA:125,0
DA:128,0
DA:129,0
DA:131,0
DA:132,0
DA:134,0
DA:135,0
DA:136,0
DA:137,0
DA:140,0
DA:141,0
DA:145,1
DA:146,2
DA:147,0
DA:150,0
DA:151,0
DA:154,0
DA:155,0
DA:158,0
DA:159,0
DA:162,0
DA:163,0
LF:64
LH:2
end_of_record
SF:lib/screen/bloc/artist_artwork_display_settings/artist_artwork_display_setting_bloc.dart
DA:19,1
DA:30,0
DA:31,0
DA:32,0
DA:33,0
DA:34,0
DA:35,0
DA:36,0
DA:37,0
DA:38,0
DA:40,0
DA:41,0
DA:42,0
DA:43,0
DA:55,0
DA:64,0
DA:65,0
DA:66,0
DA:67,0
DA:68,0
DA:69,0
DA:70,0
DA:71,0
DA:75,1
DA:76,1
DA:77,2
DA:78,2
DA:79,3
DA:80,3
DA:81,3
DA:82,3
DA:83,1
DA:84,1
DA:85,1
DA:86,1
DA:92,0
DA:101,0
DA:105,0
DA:106,0
DA:107,0
DA:116,0
DA:122,0
DA:128,0
DA:135,0
DA:141,0
DA:147,0
DA:153,0
DA:159,0
DA:166,0
DA:179,0
DA:180,0
DA:181,0
DA:186,0
DA:187,0
DA:188,0
DA:189,0
DA:190,0
DA:195,0
DA:196,0
DA:197,0
DA:201,0
DA:202,0
DA:205,0
DA:207,0
DA:208,0
DA:210,0
DA:211,0
DA:216,0
DA:219,0
DA:220,0
DA:221,0
DA:223,0
DA:224,0
DA:227,0
DA:228,0
DA:229,0
DA:230,0
DA:233,0
DA:235,0
DA:238,0
DA:239,0
DA:240,0
DA:242,0
DA:243,0
DA:246,0
DA:247,0
DA:248,0
DA:250,0
DA:251,0
DA:254,0
DA:255,0
DA:256,0
DA:258,0
DA:259,0
DA:262,0
DA:263,0
DA:264,0
DA:266,0
DA:267,0
DA:270,0
DA:271,0
DA:272,0
DA:274,0
DA:275,0
DA:278,0
DA:279,0
DA:280,0
DA:283,0
DA:287,0
DA:289,0
DA:290,0
DA:291,0
DA:292,0
DA:293,0
DA:297,0
DA:298,0
DA:300,0
DA:303,0
DA:304,0
DA:306,0
DA:307,0
DA:309,0
DA:310,0
DA:311,0
DA:318,0
DA:319,0
DA:320,0
DA:321,0
DA:325,0
DA:326,0
DA:328,0
DA:335,0
DA:337,0
DA:338,0
DA:342,0
LF:135
LH:13
end_of_record
SF:lib/screen/mobile_controller/models/dp1_call.dart
DA:5,1
DA:22,0
DA:23,0
DA:24,0
DA:25,0
DA:26,0
DA:27,0
DA:28,0
DA:29,0
DA:30,0
DA:31,0
DA:32,0
DA:33,0
DA:34,0
DA:35,0
DA:36,0
DA:37,0
DA:38,0
DA:39,0
DA:53,1
DA:54,1
DA:55,1
DA:56,1
DA:57,1
DA:58,1
DA:59,2
DA:60,1
DA:61,3
DA:62,1
DA:66,0
DA:67,0
DA:70,0
DA:81,0
DA:82,0
DA:83,0
DA:84,0
DA:85,0
DA:86,0
DA:87,0
DA:88,0
DA:89,0
DA:90,0
DA:95,0
DA:98,0
DA:101,0
DA:103,0
DA:110,0
DA:112,0
DA:114,0
DA:116,0
DA:118,0
DA:119,0
DA:120,0
DA:129,0
DA:137,0
DA:138,0
DA:139,0
DA:140,0
DA:144,0
DA:145,0
DA:146,0
DA:148,0
DA:153,0
DA:157,0
DA:158,0
DA:161,0
DA:162,0
DA:165,0
DA:166,0
DA:169,0
DA:172,0
DA:173,0
DA:176,0
DA:177,0
DA:181,0
DA:189,0
DA:190,0
DA:191,0
DA:192,0
DA:196,0
DA:197,0
DA:199,0
DA:200,0
DA:201,0
DA:202,0
DA:204,0
DA:206,0
DA:210,0
DA:213,0
DA:216,0
DA:217,0
DA:220,0
DA:221,0
DA:222,0
DA:225,0
DA:228,0
DA:230,0
DA:231,0
DA:232,0
DA:233,0
DA:234,0
DA:239,0
DA:241,0
DA:242,0
LF:104
LH:11
end_of_record
SF:lib/screen/mobile_controller/models/dp1_intent.dart
DA:5,1
DA:7,1
DA:9,0
DA:14,0
DA:16,0
DA:18,0
DA:21,0
DA:28,0
DA:30,0
DA:31,0
DA:32,0
DA:36,2
DA:37,2
DA:40,1
LF:14
LH:5
end_of_record
SF:lib/screen/mobile_controller/models/dp1_item.dart
DA:4,1
DA:17,0
DA:19,0
DA:20,0
DA:21,0
DA:22,0
DA:23,0
DA:24,0
DA:26,0
DA:27,0
DA:29,0
DA:30,0
DA:32,0
DA:34,0
DA:35,0
DA:37,0
DA:38,0
DA:40,0
DA:41,0
DA:60,0
DA:61,0
DA:62,0
DA:63,0
DA:64,0
DA:65,0
DA:66,0
DA:67,0
DA:68,0
DA:69,0
DA:70,0
DA:76,0
DA:94,0
DA:95,0
DA:96,0
DA:97,0
DA:98,0
DA:99,0
DA:100,0
DA:101,0
DA:102,0
DA:103,0
DA:105,0
DA:108,0
DA:109,0
DA:110,0
DA:111,0
DA:112,0
DA:113,0
DA:114,0
DA:115,0
DA:120,0
DA:128,0
DA:129,0
DA:130,0
DA:131,0
DA:132,0
DA:133,0
DA:134,0
DA:135,0
DA:139,0
DA:140,0
DA:141,0
DA:146,0
DA:158,0
DA:159,0
DA:160,0
DA:161,0
DA:162,0
DA:163,0
DA:166,0
DA:167,0
DA:168,0
DA:169,0
DA:170,0
DA:175,0
DA:187,0
DA:188,0
DA:189,0
DA:190,0
DA:192,0
DA:193,0
DA:194,0
DA:195,0
DA:196,0
DA:197,0
DA:201,0
DA:202,0
DA:203,0
DA:204,0
DA:205,0
DA:210,0
DA:216,0
DA:217,0
DA:218,0
DA:221,0
DA:222,0
DA:227,0
DA:235,0
DA:236,0
DA:237,0
DA:240,0
DA:241,0
DA:242,0
DA:250,0
DA:252,0
DA:254,0
DA:259,0
DA:261,0
DA:263,0
DA:266,0
DA:272,0
DA:278,0
DA:280,0
DA:282,0
DA:283,0
DA:285,0
DA:286,0
DA:287,0
LF:118
LH:1
end_of_record
SF:lib/service/auth_service.dart
DA:35,0
DA:47,0
DA:48,0
DA:49,0
DA:52,0
DA:53,0
DA:54,0
DA:57,0
DA:58,0
DA:62,0
DA:63,0
DA:64,0
DA:67,0
DA:68,0
DA:71,0
DA:90,0
DA:91,0
DA:94,0
DA:95,0
DA:96,0
DA:97,0
DA:99,0
DA:103,0
DA:108,0
DA:109,0
DA:112,0
DA:116,0
DA:119,0
DA:120,0
DA:121,0
DA:122,0
DA:125,0
DA:126,0
DA:129,0
DA:130,0
DA:131,0
DA:138,0
DA:140,0
DA:144,0
DA:145,0
DA:146,0
DA:147,0
DA:148,0
DA:149,0
DA:151,0
DA:152,0
DA:153,0
DA:155,0
DA:158,0
DA:159,0
DA:161,0
DA:164,0
DA:165,0
DA:169,0
DA:170,0
DA:173,0
DA:176,0
DA:177,0
DA:178,0
DA:181,0
DA:182,0
DA:183,0
DA:186,0
DA:187,0
DA:189,0
DA:192,0
DA:193,0
DA:196,0
DA:198,0
DA:202,0
DA:204,0
DA:205,0
DA:206,0
DA:209,0
LF:74
LH:0
end_of_record
SF:lib/service/device_info_service.dart
DA:30,0
DA:31,0
DA:32,0
DA:33,0
DA:38,0
DA:39,0
DA:40,0
DA:41,0
DA:42,0
DA:43,0
DA:44,0
DA:45,0
DA:46,0
DA:49,0
DA:50,0
DA:52,0
DA:53,0
DA:58,0
DA:59,0
DA:62,0
DA:63,0
DA:64,0
DA:66,0
DA:67,0
DA:68,0
DA:69,0
DA:70,0
DA:73,0
DA:75,0
DA:76,0
DA:77,0
DA:79,0
DA:83,0
DA:85,0
DA:88,0
DA:90,0
DA:92,0
DA:93,0
DA:94,0
DA:96,0
LF:40
LH:0
end_of_record
SF:lib/service/metric_client_service.dart
DA:15,0
DA:19,0
DA:21,0
DA:22,0
DA:23,0
DA:26,0
DA:27,0
DA:29,0
DA:31,0
DA:32,0
DA:35,0
DA:37,0
DA:38,0
DA:42,0
DA:48,0
DA:49,0
DA:51,0
DA:54,0
DA:57,0
DA:58,0
DA:59,0
DA:60,0
DA:62,0
DA:63,0
DA:64,0
DA:69,0
DA:70,0
DA:75,0
DA:77,0
DA:84,0
DA:86,0
DA:87,0
DA:91,0
DA:95,0
DA:97,0
DA:100,0
DA:104,0
DA:108,0
DA:110,0
DA:111,0
DA:113,0
LF:41
LH:0
end_of_record
SF:lib/service/canvas_client_service_v2.dart
DA:32,1
DA:41,2
DA:42,2
DA:43,2
DA:44,1
DA:47,1
DA:48,2
DA:50,1
DA:53,1
DA:54,1
DA:56,0
DA:60,1
DA:61,1
DA:62,1
DA:64,1
DA:71,1
DA:75,2
DA:76,1
DA:78,0
DA:79,0
DA:80,0
DA:85,1
DA:88,1
DA:89,1
DA:90,3
DA:92,1
DA:96,1
DA:97,2
DA:101,1
DA:105,1
DA:106,1
DA:108,3
DA:113,0
DA:116,0
DA:117,0
DA:120,1
DA:124,1
DA:129,1
DA:131,0
DA:132,1
DA:135,1
DA:139,1
DA:140,1
DA:142,3
DA:147,1
DA:152,1
DA:153,1
DA:154,1
DA:156,0
DA:161,1
DA:164,1
DA:165,2
DA:166,1
DA:169,1
DA:172,1
DA:173,2
DA:174,1
DA:177,1
DA:181,1
DA:182,1
DA:183,0
DA:186,1
DA:187,1
DA:190,1
DA:194,1
DA:195,1
DA:196,0
DA:198,1
DA:199,1
DA:202,1
DA:206,1
DA:207,1
DA:208,1
DA:209,1
DA:212,1
DA:216,1
DA:218,2
DA:222,1
DA:223,2
DA:224,1
DA:225,1
DA:226,1
DA:227,1
DA:228,3
DA:230,0
DA:236,1
DA:240,1
DA:241,1
DA:243,1
DA:244,2
DA:245,2
DA:247,1
DA:249,2
DA:254,1
DA:258,1
DA:259,1
DA:260,1
DA:261,2
DA:262,1
DA:264,1
DA:267,1
DA:273,1
DA:274,1
DA:279,1
DA:280,2
DA:281,1
DA:285,1
DA:286,1
DA:287,1
DA:288,1
DA:289,2
DA:290,2
DA:294,1
DA:295,2
DA:296,1
DA:297,1
DA:298,1
DA:302,1
DA:306,2
DA:308,1
DA:309,1
DA:310,1
DA:312,0
DA:313,0
DA:314,0
DA:315,0
DA:322,1
DA:326,1
DA:327,1
DA:328,1
DA:331,2
DA:332,3
DA:333,2
DA:334,2
DA:335,2
DA:339,1
DA:341,1
DA:342,1
DA:343,1
DA:344,2
DA:345,2
DA:347,1
DA:349,3
DA:350,1
DA:351,1
DA:352,1
DA:359,1
DA:361,1
DA:362,1
DA:363,1
DA:366,0
DA:367,0
DA:368,0
DA:369,0
DA:376,1
DA:378,1
DA:379,1
DA:380,1
DA:383,3
DA:384,1
DA:385,1
DA:386,1
DA:393,1
DA:396,1
DA:397,1
DA:398,1
DA:399,1
LF:167
LH:147
end_of_record
SF:lib/service/navigation_service.dart
DA:67,0
DA:69,0
DA:70,0
DA:73,0
DA:75,0
DA:78,0
DA:80,0
DA:81,0
DA:82,0
DA:83,0
DA:87,0
DA:88,0
DA:91,0
DA:92,0
DA:93,0
DA:94,0
DA:98,0
DA:99,0
DA:102,0
DA:107,0
DA:109,0
DA:110,0
DA:114,0
DA:115,0
DA:118,0
DA:120,0
DA:125,0
DA:127,0
DA:128,0
DA:129,0
DA:130,0
DA:138,0
DA:139,0
DA:140,0
DA:141,0
DA:145,0
DA:146,0
DA:147,0
DA:148,0
DA:150,0
DA:151,0
DA:155,0
DA:156,0
DA:157,0
DA:160,0
DA:162,0
DA:163,0
DA:167,0
DA:168,0
DA:169,0
DA:170,0
DA:172,0
DA:173,0
DA:177,0
DA:178,0
DA:179,0
DA:180,0
DA:182,0
DA:183,0
DA:187,0
DA:188,0
DA:189,0
DA:190,0
DA:192,0
DA:193,0
DA:197,0
DA:198,0
DA:199,0
DA:203,0
DA:205,0
DA:206,0
DA:207,0
DA:208,0
DA:209,0
DA:211,0
DA:212,0
DA:213,0
DA:214,0
DA:215,0
DA:218,0
DA:219,0
DA:220,0
DA:221,0
DA:222,0
DA:223,0
DA:225,0
DA:226,0
DA:231,0
DA:232,0
DA:233,0
DA:235,0
DA:238,0
DA:239,0
DA:248,0
DA:254,0
DA:255,0
DA:256,0
DA:259,0
DA:260,0
DA:261,0
DA:262,0
DA:263,0
DA:267,0
DA:268,0
DA:269,0
DA:273,0
DA:274,0
DA:275,0
DA:276,0
DA:277,0
DA:278,0
DA:289,0
DA:290,0
DA:292,0
DA:293,0
DA:298,0
DA:302,0
DA:303,0
DA:304,0
DA:309,0
DA:310,0
DA:311,0
DA:316,0
DA:317,0
DA:318,0
DA:319,0
DA:320,0
DA:321,0
DA:322,0
DA:323,0
DA:325,0
DA:330,0
DA:331,0
DA:332,0
DA:333,0
DA:334,0
DA:335,0
DA:336,0
DA:337,0
DA:342,0
DA:346,0
DA:347,0
DA:348,0
DA:349,0
DA:350,0
DA:351,0
DA:352,0
DA:353,0
DA:358,0
DA:359,0
DA:360,0
DA:361,0
DA:362,0
DA:363,0
DA:364,0
DA:365,0
DA:370,0
DA:371,0
DA:372,0
DA:375,0
DA:376,0
DA:377,0
DA:378,0
DA:379,0
DA:381,0
DA:382,0
DA:383,0
DA:384,0
DA:392,0
DA:393,0
DA:394,0
DA:395,0
DA:396,0
DA:398,0
DA:399,0
DA:401,0
DA:403,0
DA:404,0
DA:410,0
DA:411,0
DA:414,0
DA:416,0
DA:420,0
DA:421,0
DA:424,0
DA:426,0
DA:430,0
DA:431,0
DA:434,0
DA:435,0
DA:438,0
DA:439,0
DA:442,0
DA:443,0
DA:446,0
DA:447,0
DA:450,0
DA:451,0
DA:459,0
DA:460,0
DA:463,0
DA:467,0
DA:471,0
DA:475,0
DA:479,0
DA:483,0
DA:487,0
DA:488,0
DA:492,0
DA:495,0
DA:496,0
DA:499,0
DA:500,0
DA:503,0
DA:504,0
DA:507,0
DA:510,0
DA:511,0
DA:517,0
DA:518,0
DA:519,0
DA:520,0
DA:521,0
DA:522,0
DA:523,0
DA:524,0
DA:525,0
DA:530,0
DA:541,0
DA:544,0
DA:545,0
DA:548,0
DA:549,0
DA:550,0
DA:551,0
DA:552,0
DA:554,0
DA:555,0
DA:556,0
DA:557,0
DA:562,0
DA:563,0
DA:564,0
DA:567,0
DA:568,0
DA:569,0
DA:570,0
DA:575,0
DA:583,0
DA:584,0
DA:594,0
DA:598,0
DA:599,0
DA:600,0
DA:601,0
DA:603,0
DA:604,0
DA:612,0
DA:613,0
DA:619,0
DA:620,0
DA:623,0
DA:624,0
DA:625,0
DA:626,0
DA:627,0
DA:629,0
DA:631,0
DA:633,0
DA:634,0
DA:635,0
DA:636,0
DA:639,0
DA:640,0
DA:641,0
DA:644,0
DA:646,0
DA:648,0
DA:649,0
DA:651,0
DA:653,0
DA:654,0
DA:655,0
DA:656,0
DA:663,0
DA:665,0
DA:667,0
DA:668,0
DA:670,0
DA:672,0
DA:673,0
DA:674,0
DA:675,0
DA:682,0
DA:683,0
DA:684,0
DA:685,0
DA:686,0
DA:687,0
DA:693,0
DA:694,0
DA:695,0
DA:696,0
DA:697,0
DA:698,0
DA:699,0
DA:700,0
DA:706,0
DA:707,0
DA:709,0
DA:728,0
DA:729,0
DA:730,0
DA:731,0
DA:733,0
DA:735,0
DA:737,0
DA:738,0
DA:739,0
DA:740,0
DA:743,0
DA:744,0
DA:745,0
DA:746,0
DA:747,0
DA:750,0
DA:751,0
DA:752,0
DA:753,0
DA:754,0
DA:755,0
DA:759,0
DA:760,0
DA:761,0
DA:762,0
DA:763,0
DA:764,0
DA:765,0
DA:766,0
DA:772,0
DA:773,0
DA:775,0
DA:793,0
DA:796,0
DA:797,0
DA:798,0
DA:799,0
DA:801,0
DA:803,0
DA:804,0
DA:805,0
DA:806,0
DA:809,0
DA:810,0
DA:811,0
DA:814,0
DA:815,0
DA:816,0
DA:817,0
DA:818,0
DA:819,0
DA:830,0
DA:831,0
DA:834,0
DA:835,0
DA:838,0
DA:839,0
DA:840,0
DA:841,0
DA:842,0
DA:843,0
DA:844,0
DA:845,0
DA:850,0
DA:851,0
DA:852,0
DA:853,0
DA:854,0
DA:855,0
DA:856,0
DA:857,0
DA:858,0
DA:861,0
DA:866,0
DA:868,0
DA:869,0
DA:870,0
DA:871,0
DA:874,0
DA:882,0
DA:883,0
DA:884,0
DA:885,0
DA:892,0
DA:893,0
DA:894,0
DA:895,0
DA:897,0
DA:902,0
DA:903,0
DA:904,0
DA:910,0
DA:911,0
DA:912,0
DA:918,0
DA:919,0
DA:920,0
DA:926,0
DA:930,0
DA:931,0
DA:932,0
DA:933,0
DA:934,0
DA:936,0
DA:937,0
DA:938,0
DA:939,0
DA:948,0
DA:949,0
DA:950,0
DA:951,0
DA:952,0
DA:953,0
DA:958,0
DA:959,0
DA:960,0
DA:962,0
DA:964,0
DA:965,0
DA:967,0
DA:970,0
DA:971,0
DA:972,0
DA:973,0
DA:974,0
DA:978,0
DA:979,0
DA:984,0
DA:985,0
DA:990,0
DA:991,0
DA:1000,0
DA:1003,0
DA:1005,0
DA:1006,0
DA:1008,0
DA:1010,0
DA:1011,0
DA:1013,0
DA:1016,0
DA:1017,0
DA:1018,0
DA:1019,0
DA:1029,0
DA:1030,0
DA:1031,0
DA:1032,0
DA:1034,0
DA:1035,0
DA:1036,0
DA:1037,0
DA:1039,0
DA:1041,0
DA:1043,0
DA:1044,0
DA:1045,0
DA:1046,0
DA:1047,0
DA:1048,0
DA:1051,0
DA:1052,0
DA:1055,0
DA:1058,0
DA:1062,0
DA:1070,0
DA:1072,0
DA:1074,0
DA:1085,0
DA:1086,0
DA:1088,0
DA:1089,0
DA:1090,0
DA:1092,0
DA:1094,0
DA:1096,0
DA:1097,0
DA:1098,0
DA:1099,0
DA:1100,0
DA:1101,0
DA:1104,0
DA:1108,0
DA:1111,0
DA:1133,0
DA:1134,0
DA:1135,0
LF:496
LH:0
end_of_record
SF:lib/service/configuration_service.dart
DA:180,0
DA:284,0
DA:287,0
DA:289,0
DA:293,0
DA:294,0
DA:296,0
DA:299,0
DA:302,0
DA:303,0
DA:306,0
DA:308,0
DA:312,0
DA:313,0
DA:317,0
DA:320,0
DA:322,0
DA:323,0
DA:326,0
DA:327,0
DA:329,0
DA:331,0
DA:333,0
DA:334,0
DA:336,0
DA:338,0
DA:339,0
DA:342,0
DA:344,0
DA:345,0
DA:346,0
DA:348,0
DA:349,0
DA:350,0
DA:354,0
DA:356,0
DA:357,0
DA:360,0
DA:362,0
DA:364,0
DA:374,0
DA:376,0
DA:379,0
DA:381,0
DA:382,0
DA:384,0
DA:389,0
DA:391,0
DA:394,0
DA:396,0
DA:398,0
DA:399,0
DA:401,0
DA:403,0
DA:406,0
DA:408,0
DA:410,0
DA:412,0
DA:414,0
DA:415,0
DA:422,0
DA:424,0
DA:426,0
DA:428,0
DA:431,0
DA:432,0
DA:434,0
DA:436,0
DA:438,0
DA:440,0
DA:442,0
DA:443,0
DA:445,0
DA:448,0
DA:451,0
DA:454,0
DA:455,0
DA:457,0
DA:460,0
DA:463,0
DA:466,0
DA:468,0
DA:470,0
DA:472,0
DA:475,0
DA:476,0
DA:478,0
DA:480,0
DA:486,0
DA:488,0
DA:490,0
DA:494,0
DA:495,0
DA:497,0
DA:499,0
DA:502,0
DA:504,0
DA:506,0
DA:508,0
DA:511,0
DA:513,0
DA:514,0
DA:518,0
DA:520,0
DA:522,0
DA:524,0
DA:526,0
DA:528,0
DA:530,0
DA:532,0
DA:534,0
DA:536,0
DA:538,0
DA:539,0
DA:541,0
DA:543,0
DA:545,0
DA:547,0
DA:549,0
DA:551,0
DA:553,0
DA:555,0
DA:559,0
DA:560,0
DA:561,0
DA:562,0
DA:565,0
DA:567,0
DA:571,0
DA:572,0
DA:575,0
DA:580,0
DA:581,0
DA:582,0
DA:583,0
DA:585,0
DA:589,0
DA:591,0
DA:593,0
DA:595,0
DA:596,0
DA:597,0
DA:601,0
DA:603,0
DA:604,0
DA:605,0
DA:606,0
DA:609,0
DA:611,0
DA:613,0
DA:614,0
DA:616,0
DA:618,0
DA:621,0
DA:623,0
DA:626,0
DA:628,0
DA:631,0
DA:633,0
DA:636,0
DA:638,0
DA:641,0
DA:643,0
DA:646,0
DA:649,0
DA:651,0
DA:654,0
DA:656,0
DA:658,0
DA:660,0
DA:661,0
DA:662,0
DA:665,0
DA:666,0
DA:669,0
DA:671,0
DA:674,0
DA:676,0
DA:679,0
DA:681,0
DA:683,0
DA:685,0
DA:687,0
DA:690,0
DA:693,0
DA:694,0
DA:696,0
DA:700,0
DA:702,0
DA:706,0
DA:709,0
DA:710,0
DA:711,0
LF:193
LH:0
end_of_record
SF:lib/service/settings_data_service.dart
DA:27,0
DA:58,0
DA:60,0
DA:61,0
DA:64,0
DA:66,0
DA:67,0
DA:68,0
DA:71,0
DA:72,0
DA:73,0
DA:74,0
DA:76,0
DA:77,0
DA:78,0
DA:81,0
DA:83,0
DA:86,0
DA:87,0
DA:88,0
DA:90,0
DA:91,0
DA:94,0
DA:95,0
DA:97,0
DA:98,0
DA:99,0
DA:100,0
DA:101,0
DA:106,0
DA:107,0
DA:110,0
DA:111,0
DA:112,0
DA:113,0
DA:114,0
DA:115,0
DA:116,0
DA:117,0
DA:121,0
DA:123,0
DA:124,0
DA:127,0
DA:128,0
DA:129,0
DA:136,0
DA:137,0
DA:138,0
DA:145,0
DA:146,0
DA:147,0
DA:153,0
DA:154,0
DA:159,0
DA:161,0
DA:163,0
DA:168,0
DA:170,0
DA:171,0
DA:174,0
DA:175,0
DA:176,0
DA:184,0
DA:185,0
DA:186,0
DA:192,0
DA:193,0
DA:198,0
DA:200,0
DA:202,0
LF:70
LH:0
end_of_record
SF:lib/au_bloc.dart
DA:6,1
DA:10,0
DA:12,0
DA:14,0
DA:15,0
DA:20,0
DA:33,0
DA:37,0
DA:38,0
LF:9
LH:1
end_of_record
SF:lib/common/database.dart
DA:16,0
DA:18,0
DA:25,0
DA:27,0
DA:32,0
DA:35,0
DA:40,0
DA:44,0
DA:46,0
DA:48,0
DA:49,0
DA:53,0
DA:55,0
DA:61,0
DA:64,0
DA:66,0
DA:67,0
DA:68,0
DA:70,0
DA:72,0
DA:73,0
DA:77,0
DA:78,0
LF:23
LH:0
end_of_record
SF:lib/util/log.dart
DA:18,3
DA:19,0
DA:28,0
DA:30,0
DA:32,0
DA:34,0
DA:36,0
DA:43,0
DA:44,0
DA:47,0
DA:50,0
DA:51,0
DA:54,0
DA:56,0
DA:59,0
DA:60,0
DA:64,0
DA:65,0
DA:66,0
DA:68,0
DA:70,0
DA:73,0
DA:74,0
DA:76,0
DA:77,0
DA:82,0
DA:83,0
DA:86,0
DA:88,0
DA:90,0
DA:93,0
DA:94,0
DA:95,0
DA:97,0
DA:98,0
DA:99,0
DA:101,0
DA:102,0
DA:105,0
DA:109,0
DA:113,0
DA:115,0
DA:117,0
DA:120,0
DA:121,0
DA:123,0
DA:126,0
DA:129,0
DA:131,0
DA:133,0
DA:134,0
DA:135,0
DA:136,0
DA:138,0
DA:139,0
DA:143,0
DA:146,0
DA:147,0
DA:150,0
DA:151,0
DA:156,0
DA:170,0
DA:171,0
DA:174,0
DA:177,0
DA:180,0
DA:183,0
DA:186,0
DA:189,0
DA:192,0
DA:195,0
DA:198,0
DA:201,0
DA:204,0
DA:215,0
DA:216,0
DA:220,0
DA:221,0
DA:222,0
DA:227,0
DA:231,0
DA:232,0
DA:233,0
DA:239,0
DA:240,0
LF:85
LH:1
end_of_record
SF:lib/common/environment.dart
DA:16,1
DA:21,2
DA:22,0
DA:23,0
DA:30,0
DA:72,0
DA:73,0
DA:74,0
DA:75,0
DA:78,0
DA:79,0
DA:80,0
DA:83,0
DA:84,0
DA:85,0
DA:86,0
DA:89,0
DA:93,0
DA:94,0
DA:96,0
DA:97,0
DA:99,0
DA:100,0
DA:102,0
DA:103,0
DA:105,0
DA:106,0
DA:108,0
DA:109,0
DA:111,0
DA:113,0
DA:115,0
DA:117,0
DA:118,0
DA:120,0
DA:121,0
DA:123,0
DA:124,0
DA:126,0
DA:128,0
DA:129,0
DA:131,0
DA:132,0
DA:134,0
DA:135,0
DA:137,0
DA:138,0
DA:140,0
DA:141,0
DA:143,0
DA:144,0
DA:146,0
DA:148,0
DA:150,0
DA:151,0
DA:153,0
DA:155,0
DA:157,0
DA:159,0
DA:160,0
DA:162,0
DA:163,0
DA:165,0
DA:166,0
DA:168,0
DA:169,0
DA:171,0
DA:172,0
DA:174,0
DA:175,0
DA:177,0
DA:178,0
DA:180,0
DA:182,0
DA:184,0
DA:186,0
DA:188,0
DA:189,0
DA:191,0
DA:193,0
DA:196,0
DA:197,0
DA:199,0
DA:200,0
DA:202,0
DA:203,0
DA:205,0
DA:206,0
DA:208,0
DA:209,0
DA:211,0
DA:217,0
DA:219,0
DA:220,0
DA:222,2
DA:224,0
DA:225,0
DA:227,0
DA:228,0
DA:231,0
DA:232,0
DA:234,0
DA:235,0
DA:237,2
DA:239,0
DA:246,0
DA:247,0
DA:250,0
DA:251,0
LF:109
LH:4
end_of_record
SF:lib/gateway/customer_support_api.g.dart
DA:12,0
DA:21,0
DA:24,0
DA:25,0
DA:26,0
DA:29,0
DA:34,0
DA:35,0
DA:40,0
DA:41,0
DA:42,0
DA:43,0
DA:45,0
DA:46,0
DA:47,0
DA:51,0
DA:57,0
DA:58,0
DA:62,0
DA:65,0
DA:70,0
DA:71,0
DA:76,0
DA:77,0
DA:78,0
DA:79,0
DA:81,0
DA:82,0
DA:83,0
DA:87,0
DA:93,0
DA:94,0
DA:96,0
DA:97,0
DA:102,0
DA:103,0
DA:104,0
DA:108,0
DA:109,0
DA:110,0
DA:111,0
DA:113,0
DA:117,0
DA:123,0
DA:124,0
DA:125,0
DA:126,0
DA:127,0
DA:128,0
DA:129,0
DA:134,0
DA:135,0
DA:140,0
DA:141,0
DA:142,0
DA:143,0
DA:145,0
DA:149,0
DA:156,0
DA:157,0
DA:161,0
DA:162,0
DA:163,0
DA:164,0
DA:165,0
DA:170,0
DA:171,0
DA:176,0
DA:177,0
DA:178,0
DA:179,0
DA:181,0
DA:185,0
DA:191,0
DA:192,0
DA:193,0
DA:194,0
DA:195,0
DA:196,0
DA:201,0
DA:202,0
DA:203,0
DA:207,0
DA:208,0
DA:209,0
DA:210,0
DA:212,0
DA:216,0
DA:219,0
DA:220,0
DA:222,0
DA:227,0
DA:228,0
DA:229,0
DA:233,0
DA:234,0
DA:235,0
DA:236,0
DA:238,0
DA:242,0
DA:248,0
DA:249,0
DA:251,0
DA:256,0
DA:257,0
DA:258,0
DA:262,0
DA:263,0
DA:264,0
DA:265,0
DA:269,0
DA:270,0
DA:271,0
DA:272,0
DA:273,0
DA:274,0
DA:276,0
DA:282,0
DA:286,0
DA:290,0
DA:292,0
DA:293,0
DA:296,0
LF:123
LH:0
end_of_record
SF:lib/gateway/dp1_playlist_api.g.dart
DA:12,0
DA:17,0
DA:26,0
DA:30,0
DA:31,0
DA:32,0
DA:33,0
DA:34,0
DA:35,0
DA:36,0
DA:41,0
DA:42,0
DA:47,0
DA:48,0
DA:49,0
DA:50,0
DA:52,0
DA:55,0
DA:57,0
DA:63,0
DA:68,0
DA:69,0
DA:70,0
DA:71,0
DA:72,0
DA:73,0
DA:74,0
DA:79,0
DA:80,0
DA:81,0
DA:85,0
DA:86,0
DA:87,0
DA:88,0
DA:90,0
DA:93,0
DA:95,0
DA:101,0
DA:103,0
DA:104,0
DA:105,0
DA:107,0
DA:112,0
DA:113,0
DA:114,0
DA:118,0
DA:119,0
DA:120,0
DA:121,0
DA:123,0
DA:124,0
DA:127,0
DA:129,0
DA:130,0
DA:131,0
DA:133,0
DA:138,0
DA:139,0
DA:140,0
DA:144,0
DA:145,0
DA:146,0
DA:147,0
DA:149,0
DA:152,0
DA:154,0
DA:160,0
DA:166,0
DA:167,0
DA:172,0
DA:173,0
DA:175,0
DA:180,0
DA:181,0
DA:186,0
DA:187,0
DA:188,0
DA:189,0
DA:191,0
DA:194,0
DA:196,0
DA:202,0
DA:206,0
DA:207,0
DA:208,0
DA:209,0
DA:210,0
DA:211,0
DA:212,0
DA:217,0
DA:218,0
DA:223,0
DA:224,0
DA:225,0
DA:226,0
DA:228,0
DA:231,0
DA:233,0
DA:239,0
DA:241,0
DA:242,0
DA:243,0
DA:245,0
DA:250,0
DA:251,0
DA:252,0
DA:256,0
DA:257,0
DA:258,0
DA:259,0
DA:261,0
DA:264,0
DA:266,0
DA:272,0
DA:277,0
DA:278,0
DA:282,0
DA:283,0
DA:285,0
DA:290,0
DA:291,0
DA:296,0
DA:297,0
DA:298,0
DA:299,0
DA:301,0
DA:304,0
DA:306,0
DA:312,0
DA:318,0
DA:319,0
DA:324,0
DA:325,0
DA:327,0
DA:332,0
DA:333,0
DA:338,0
DA:339,0
DA:340,0
DA:341,0
DA:343,0
DA:346,0
DA:348,0
DA:354,0
DA:355,0
DA:356,0
DA:357,0
DA:358,0
DA:359,0
DA:361,0
DA:367,0
DA:371,0
DA:375,0
DA:377,0
DA:378,0
DA:381,0
LF:156
LH:0
end_of_record
SF:lib/gateway/dp1_playlist_api.dart
DA:16,0
DA:18,0
DA:19,0
LF:3
LH:0
end_of_record
SF:lib/gateway/feralfile_api.dart
DA:172,0
DA:174,0
DA:175,0
DA:176,0
DA:179,0
DA:180,0
DA:187,0
DA:189,0
DA:190,0
DA:191,0
DA:192,0
DA:193,0
DA:196,0
DA:197,0
DA:204,0
DA:206,0
DA:207,0
DA:208,0
DA:209,0
DA:210,0
DA:213,0
DA:214,0
DA:221,0
DA:223,0
DA:225,0
DA:227,0
DA:228,0
DA:231,0
DA:232,0
LF:29
LH:0
end_of_record
SF:lib/gateway/feralfile_api.g.dart
DA:12,0
DA:21,0
DA:27,0
DA:30,0
DA:32,0
DA:33,0
DA:38,0
DA:39,0
DA:40,0
DA:44,0
DA:45,0
DA:46,0
DA:47,0
DA:49,0
DA:53,0
DA:62,0
DA:68,0
DA:70,0
DA:71,0
DA:76,0
DA:77,0
DA:78,0
DA:82,0
DA:83,0
DA:84,0
DA:85,0
DA:87,0
DA:91,0
DA:100,0
DA:107,0
DA:108,0
DA:110,0
DA:111,0
DA:116,0
DA:117,0
DA:122,0
DA:123,0
DA:124,0
DA:125,0
DA:127,0
DA:131,0
DA:134,0
DA:135,0
DA:137,0
DA:138,0
DA:143,0
DA:144,0
DA:145,0
DA:149,0
DA:150,0
DA:151,0
DA:152,0
DA:154,0
DA:158,0
DA:166,0
DA:171,0
DA:173,0
DA:174,0
DA:179,0
DA:180,0
DA:181,0
DA:185,0
DA:186,0
DA:187,0
DA:188,0
DA:190,0
DA:194,0
DA:205,0
DA:214,0
DA:215,0
DA:216,0
DA:218,0
DA:219,0
DA:224,0
DA:225,0
DA:230,0
DA:231,0
DA:232,0
DA:233,0
DA:235,0
DA:239,0
DA:242,0
DA:243,0
DA:245,0
DA:246,0
DA:251,0
DA:252,0
DA:257,0
DA:258,0
DA:259,0
DA:260,0
DA:262,0
DA:266,0
DA:274,0
DA:280,0
DA:282,0
DA:283,0
DA:288,0
DA:289,0
DA:294,0
DA:295,0
DA:296,0
DA:297,0
DA:299,0
DA:303,0
DA:306,0
DA:307,0
DA:309,0
DA:310,0
DA:315,0
DA:316,0
DA:321,0
DA:322,0
DA:323,0
DA:324,0
DA:326,0
DA:330,0
DA:343,0
DA:354,0
DA:355,0
DA:357,0
DA:358,0
DA:363,0
DA:364,0
DA:369,0
DA:370,0
DA:371,0
DA:372,0
DA:374,0
DA:375,0
DA:379,0
DA:387,0
DA:393,0
DA:394,0
DA:396,0
DA:397,0
DA:402,0
DA:403,0
DA:408,0
DA:409,0
DA:410,0
DA:411,0
DA:413,0
DA:414,0
DA:418,0
DA:424,0
DA:427,0
DA:428,0
DA:430,0
DA:431,0
DA:436,0
DA:437,0
DA:438,0
DA:442,0
DA:443,0
DA:444,0
DA:445,0
DA:447,0
DA:448,0
DA:452,0
DA:468,0
DA:482,0
DA:483,0
DA:484,0
DA:486,0
DA:487,0
DA:492,0
DA:493,0
DA:498,0
DA:499,0
DA:500,0
DA:501,0
DA:503,0
DA:504,0
DA:508,0
DA:521,0
DA:532,0
DA:534,0
DA:535,0
DA:540,0
DA:541,0
DA:546,0
DA:547,0
DA:548,0
DA:549,0
DA:551,0
DA:552,0
DA:556,0
DA:562,0
DA:566,0
DA:568,0
DA:569,0
DA:574,0
DA:575,0
DA:580,0
DA:581,0
DA:582,0
DA:583,0
DA:585,0
DA:586,0
DA:590,0
DA:596,0
DA:599,0
DA:601,0
DA:602,0
DA:607,0
DA:608,0
DA:609,0
DA:613,0
DA:614,0
DA:615,0
DA:616,0
DA:618,0
DA:623,0
DA:632,0
DA:639,0
DA:641,0
DA:642,0
DA:647,0
DA:648,0
DA:653,0
DA:654,0
DA:655,0
DA:656,0
DA:659,0
DA:663,0
DA:668,0
DA:669,0
DA:671,0
DA:672,0
DA:677,0
DA:678,0
DA:679,0
DA:683,0
DA:684,0
DA:685,0
DA:686,0
DA:688,0
DA:692,0
DA:693,0
DA:694,0
DA:695,0
DA:696,0
DA:697,0
DA:699,0
DA:705,0
DA:709,0
DA:713,0
DA:715,0
DA:716,0
DA:719,0
LF:251
LH:0
end_of_record
SF:lib/gateway/iap_api.g.dart
DA:12,0
DA:21,0
DA:24,0
DA:25,0
DA:26,0
DA:28,0
DA:33,0
DA:34,0
DA:39,0
DA:40,0
DA:41,0
DA:42,0
DA:44,0
DA:48,0
DA:51,0
DA:52,0
DA:54,0
DA:59,0
DA:60,0
DA:65,0
DA:66,0
DA:67,0
DA:68,0
DA:70,0
DA:74,0
DA:78,0
DA:79,0
DA:80,0
DA:81,0
DA:82,0
DA:83,0
DA:88,0
DA:89,0
DA:94,0
DA:95,0
DA:96,0
DA:97,0
DA:99,0
DA:103,0
DA:106,0
DA:107,0
DA:108,0
DA:109,0
DA:110,0
DA:111,0
DA:116,0
DA:117,0
DA:122,0
DA:123,0
DA:124,0
DA:125,0
DA:127,0
DA:128,0
DA:129,0
DA:133,0
DA:136,0
DA:137,0
DA:139,0
DA:140,0
DA:145,0
DA:146,0
DA:147,0
DA:151,0
DA:152,0
DA:153,0
DA:154,0
DA:156,0
DA:160,0
DA:163,0
DA:164,0
DA:166,0
DA:171,0
DA:172,0
DA:173,0
DA:177,0
DA:178,0
DA:179,0
DA:180,0
DA:184,0
DA:190,0
DA:191,0
DA:192,0
DA:193,0
DA:194,0
DA:195,0
DA:200,0
DA:201,0
DA:206,0
DA:207,0
DA:208,0
DA:209,0
DA:213,0
DA:216,0
DA:217,0
DA:219,0
DA:224,0
DA:225,0
DA:226,0
DA:230,0
DA:231,0
DA:232,0
DA:233,0
DA:237,0
DA:240,0
DA:241,0
DA:242,0
DA:243,0
DA:244,0
DA:249,0
DA:250,0
DA:255,0
DA:256,0
DA:257,0
DA:258,0
DA:262,0
DA:265,0
DA:266,0
DA:268,0
DA:273,0
DA:274,0
DA:279,0
DA:280,0
DA:281,0
DA:282,0
DA:284,0
DA:288,0
DA:291,0
DA:292,0
DA:294,0
DA:299,0
DA:300,0
DA:305,0
DA:306,0
DA:307,0
DA:308,0
DA:310,0
DA:314,0
DA:317,0
DA:318,0
DA:319,0
DA:320,0
DA:322,0
DA:327,0
DA:328,0
DA:333,0
DA:334,0
DA:335,0
DA:336,0
DA:338,0
DA:342,0
DA:345,0
DA:346,0
DA:347,0
DA:348,0
DA:350,0
DA:355,0
DA:356,0
DA:361,0
DA:362,0
DA:363,0
DA:364,0
DA:366,0
DA:370,0
DA:371,0
DA:372,0
DA:373,0
DA:374,0
DA:375,0
DA:377,0
DA:383,0
DA:387,0
DA:391,0
DA:393,0
DA:394,0
DA:397,0
LF:175
LH:0
end_of_record
SF:lib/gateway/mobile_controller_api.g.dart
DA:12,0
DA:17,0
DA:26,0
DA:29,0
DA:30,0
DA:31,0
DA:32,0
DA:33,0
DA:34,0
DA:39,0
DA:40,0
DA:45,0
DA:46,0
DA:47,0
DA:48,0
DA:50,0
DA:53,0
DA:55,0
DA:61,0
DA:64,0
DA:65,0
DA:66,0
DA:67,0
DA:68,0
DA:69,0
DA:74,0
DA:75,0
DA:80,0
DA:81,0
DA:82,0
DA:83,0
DA:85,0
DA:88,0
DA:91,0
DA:96,0
DA:99,0
DA:100,0
DA:101,0
DA:102,0
DA:103,0
DA:104,0
DA:109,0
DA:110,0
DA:115,0
DA:116,0
DA:117,0
DA:118,0
DA:120,0
DA:123,0
DA:125,0
DA:131,0
DA:134,0
DA:135,0
DA:136,0
DA:137,0
DA:138,0
DA:139,0
DA:145,0
DA:146,0
DA:151,0
DA:152,0
DA:153,0
DA:154,0
DA:156,0
DA:159,0
DA:162,0
DA:167,0
DA:168,0
DA:169,0
DA:170,0
DA:171,0
DA:172,0
DA:174,0
DA:180,0
DA:184,0
DA:188,0
DA:190,0
DA:191,0
DA:194,0
LF:79
LH:0
end_of_record
SF:lib/gateway/pubdoc_api.g.dart
DA:12,0
DA:21,0
DA:24,0
DA:25,0
DA:27,0
DA:32,0
DA:33,0
DA:38,0
DA:39,0
DA:40,0
DA:41,0
DA:43,0
DA:47,0
DA:50,0
DA:51,0
DA:53,0
DA:58,0
DA:59,0
DA:60,0
DA:64,0
DA:65,0
DA:66,0
DA:67,0
DA:69,0
DA:73,0
DA:76,0
DA:77,0
DA:79,0
DA:84,0
DA:85,0
DA:90,0
DA:91,0
DA:92,0
DA:93,0
DA:95,0
DA:99,0
DA:102,0
DA:103,0
DA:105,0
DA:110,0
DA:111,0
DA:116,0
DA:117,0
DA:118,0
DA:119,0
DA:121,0
DA:125,0
DA:128,0
DA:129,0
DA:131,0
DA:136,0
DA:137,0
DA:142,0
DA:143,0
DA:144,0
DA:145,0
DA:147,0
DA:151,0
DA:152,0
DA:153,0
DA:154,0
DA:155,0
DA:156,0
DA:158,0
DA:164,0
DA:168,0
DA:172,0
DA:174,0
DA:175,0
DA:178,0
LF:70
LH:0
end_of_record
SF:lib/gateway/pubdoc_api.dart
DA:34,0
DA:35,0
DA:36,0
DA:39,0
DA:40,0
DA:41,0
LF:6
LH:0
end_of_record
SF:lib/gateway/remote_config_api.g.dart
DA:12,0
DA:21,0
DA:24,0
DA:25,0
DA:27,0
DA:32,0
DA:33,0
DA:38,0
DA:39,0
DA:40,0
DA:41,0
DA:43,0
DA:47,0
DA:48,0
DA:49,0
DA:50,0
DA:51,0
DA:52,0
DA:54,0
DA:60,0
DA:64,0
DA:68,0
DA:70,0
DA:71,0
DA:74,0
LF:25
LH:0
end_of_record
SF:lib/gateway/source_exhibition_api.g.dart
DA:12,0
DA:24,0
DA:26,0
DA:27,0
DA:28,0
DA:30,0
DA:35,0
DA:36,0
DA:41,0
DA:42,0
DA:43,0
DA:44,0
DA:46,0
DA:49,0
DA:51,0
DA:57,0
DA:59,0
DA:60,0
DA:61,0
DA:63,0
DA:68,0
DA:69,0
DA:74,0
DA:75,0
DA:76,0
DA:77,0
DA:79,0
DA:82,0
DA:84,0
DA:90,0
DA:91,0
DA:92,0
DA:93,0
DA:94,0
DA:95,0
DA:97,0
DA:103,0
DA:107,0
DA:111,0
DA:113,0
DA:114,0
DA:117,0
LF:42
LH:0
end_of_record
SF:lib/gateway/source_exhibition_api.dart
DA:30,0
DA:31,0
DA:32,0
DA:35,0
DA:37,0
DA:38,0
DA:39,0
DA:40,0
DA:41,0
DA:42,0
DA:43,0
DA:44,0
DA:45,0
DA:48,0
DA:49,0
DA:52,0
DA:53,0
DA:54,0
DA:55,0
DA:57,0
DA:58,0
LF:21
LH:0
end_of_record
SF:lib/gateway/user_api.g.dart
DA:12,0
DA:21,0
DA:26,0
DA:27,0
DA:28,0
DA:29,0
DA:30,0
DA:31,0
DA:36,0
DA:37,0
DA:42,0
DA:43,0
DA:44,0
DA:45,0
DA:47,0
DA:51,0
DA:54,0
DA:55,0
DA:56,0
DA:57,0
DA:59,0
DA:64,0
DA:65,0
DA:70,0
DA:71,0
DA:72,0
DA:73,0
DA:75,0
DA:79,0
DA:82,0
DA:83,0
DA:85,0
DA:86,0
DA:91,0
DA:92,0
DA:93,0
DA:97,0
DA:98,0
DA:99,0
DA:100,0
DA:102,0
DA:106,0
DA:109,0
DA:110,0
DA:112,0
DA:113,0
DA:118,0
DA:119,0
DA:124,0
DA:125,0
DA:126,0
DA:127,0
DA:129,0
DA:133,0
DA:136,0
DA:137,0
DA:138,0
DA:139,0
DA:141,0
DA:146,0
DA:147,0
DA:152,0
DA:153,0
DA:154,0
DA:155,0
DA:157,0
DA:161,0
DA:164,0
DA:165,0
DA:166,0
DA:167,0
DA:169,0
DA:174,0
DA:175,0
DA:180,0
DA:181,0
DA:182,0
DA:183,0
DA:185,0
DA:189,0
DA:190,0
DA:191,0
DA:192,0
DA:193,0
DA:194,0
DA:196,0
DA:202,0
DA:206,0
DA:210,0
DA:212,0
DA:213,0
DA:216,0
LF:92
LH:0
end_of_record
SF:lib/graphql/account_settings/account_settings_client.dart
DA:7,0
DA:11,0
DA:12,0
DA:13,0
DA:14,0
DA:16,0
DA:17,0
DA:22,0
DA:25,0
DA:26,0
DA:27,0
DA:28,0
DA:30,0
DA:31,0
DA:32,0
DA:33,0
DA:35,0
DA:38,0
DA:43,0
DA:44,0
DA:48,0
DA:49,0
DA:51,0
DA:56,0
DA:61,0
DA:62,0
DA:66,0
DA:67,0
DA:69,0
DA:71,0
DA:73,0
DA:78,0
DA:81,0
DA:84,0
DA:85,0
DA:86,0
DA:87,0
DA:88,0
DA:91,0
DA:94,0
DA:95,0
DA:96,0
DA:99,0
DA:100,0
DA:101,0
LF:45
LH:0
end_of_record
SF:lib/graphql/account_settings/cloud_manager.dart
DA:15,0
DA:17,0
DA:18,0
DA:39,0
DA:40,0
DA:41,0
DA:42,0
DA:43,0
DA:48,0
DA:49,0
DA:52,0
DA:53,0
DA:55,0
DA:58,0
DA:59,0
DA:62,0
DA:63,0
DA:66,0
DA:67,0
DA:68,0
DA:71,0
DA:72,0
DA:73,0
DA:76,0
DA:77,0
DA:104,0
DA:106,0
DA:108,0
DA:110,0
DA:111,0
DA:113,0
DA:115,0
DA:116,0
DA:118,0
DA:120,0
DA:121,0
DA:122,0
DA:123,0
DA:124,0
DA:125,0
DA:128,0
DA:131,0
DA:132,0
DA:133,0
DA:134,0
DA:135,0
DA:136,0
DA:137,0
DA:140,0
DA:141,0
LF:50
LH:0
end_of_record
SF:lib/nft_collection/data/api/indexer_api.g.dart
DA:12,0
DA:21,0
DA:24,0
DA:25,0
DA:27,0
DA:28,0
DA:33,0
DA:34,0
DA:39,0
DA:40,0
DA:41,0
DA:42,0
DA:46,0
DA:49,0
DA:50,0
DA:51,0
DA:52,0
DA:53,0
DA:58,0
DA:59,0
DA:64,0
DA:65,0
DA:69,0
DA:72,0
DA:73,0
DA:74,0
DA:75,0
DA:76,0
DA:81,0
DA:82,0
DA:87,0
DA:88,0
DA:92,0
DA:95,0
DA:96,0
DA:98,0
DA:103,0
DA:104,0
DA:109,0
DA:110,0
DA:114,0
DA:115,0
DA:116,0
DA:117,0
DA:118,0
DA:119,0
DA:121,0
DA:127,0
DA:130,0
DA:134,0
DA:136,0
DA:137,0
DA:142,0
DA:143,0
DA:148,0
DA:149,0
DA:150,0
DA:151,0
DA:155,0
DA:158,0
DA:159,0
DA:161,0
DA:166,0
DA:167,0
DA:168,0
DA:172,0
DA:173,0
DA:174,0
DA:175,0
DA:176,0
DA:177,0
LF:71
LH:0
end_of_record
SF:lib/nft_collection/data/api/tzkt_api.g.dart
DA:12,0
DA:16,0
DA:23,0
DA:33,0
DA:41,0
DA:42,0
DA:44,0
DA:45,0
DA:50,0
DA:51,0
DA:56,0
DA:57,0
DA:58,0
DA:59,0
DA:61,0
DA:62,0
DA:63,0
DA:64,0
DA:68,0
DA:69,0
DA:70,0
DA:71,0
DA:72,0
DA:73,0
DA:75,0
DA:81,0
DA:85,0
DA:89,0
DA:91,0
DA:92,0
DA:95,0
LF:31
LH:0
end_of_record
SF:lib/nft_collection/graphql/clients/artblocks_client.dart
DA:6,0
DA:8,0
DA:9,0
DA:11,0
DA:12,0
DA:17,0
DA:22,0
DA:23,0
DA:27,0
DA:29,0
DA:30,0
DA:31,0
DA:34,0
DA:36,0
DA:41,0
DA:68,0
DA:69,0
DA:70,0
DA:76,0
DA:78,0
DA:79,0
DA:80,0
DA:83,0
DA:85,0
DA:86,0
LF:25
LH:0
end_of_record
SF:lib/nft_collection/graphql/clients/indexer_client.dart
DA:5,0
DA:9,0
DA:10,0
DA:11,0
DA:12,0
DA:14,0
DA:15,0
DA:20,0
DA:27,0
DA:28,0
DA:32,0
DA:34,0
DA:36,0
DA:38,0
DA:43,0
DA:49,0
DA:50,0
DA:54,0
DA:55,0
DA:61,0
LF:20
LH:0
end_of_record
SF:lib/nft_collection/nft_collection.dart
DA:15,0
DA:16,0
DA:17,0
DA:18,0
DA:19,0
DA:21,0
DA:32,0
DA:33,0
DA:34,0
DA:36,0
LF:10
LH:0
end_of_record
SF:lib/nft_collection/services/artblocks_service.dart
DA:8,0
DA:26,0
DA:28,0
DA:30,0
DA:33,0
DA:34,0
DA:35,0
DA:36,0
DA:39,0
DA:47,0
DA:52,0
DA:57,0
DA:63,0
DA:64,0
DA:65,0
DA:66,0
DA:69,0
DA:77,0
LF:18
LH:0
end_of_record
SF:lib/nft_collection/services/indexer_service.dart
DA:52,0
DA:64,0
DA:67,0
DA:68,0
DA:73,0
DA:75,0
DA:76,0
DA:79,0
DA:84,0
DA:85,0
DA:86,0
DA:87,0
DA:88,0
DA:92,0
DA:93,0
DA:94,0
DA:96,0
DA:99,0
DA:100,0
DA:101,0
DA:103,0
DA:106,0
DA:107,0
DA:108,0
DA:112,0
DA:113,0
DA:124,0
DA:128,0
DA:129,0
DA:134,0
DA:136,0
DA:137,0
DA:140,0
DA:146,0
DA:147,0
DA:148,0
DA:149,0
DA:150,0
DA:154,0
DA:155,0
DA:156,0
DA:158,0
DA:161,0
DA:162,0
DA:163,0
DA:165,0
DA:168,0
DA:169,0
DA:170,0
DA:171,0
DA:175,0
DA:176,0
DA:181,0
DA:183,0
DA:184,0
DA:189,0
DA:191,0
DA:192,0
DA:194,0
DA:197,0
DA:199,0
DA:202,0
DA:206,0
DA:207,0
DA:208,0
DA:209,0
DA:211,0
DA:214,0
DA:216,0
DA:218,0
DA:220,0
DA:221,0
DA:222,0
DA:225,0
DA:227,0
DA:229,0
DA:236,0
DA:237,0
DA:239,0
DA:242,0
DA:245,0
DA:246,0
DA:247,0
DA:249,0
DA:260,0
DA:266,0
DA:272,0
DA:279,0
DA:281,0
DA:285,0
DA:288,0
DA:295,0
DA:296,0
DA:297,0
LF:94
LH:0
end_of_record
SF:lib/nft_collection/services/tokens_service.dart
DA:53,0
DA:56,0
DA:62,0
DA:63,0
DA:64,0
DA:65,0
DA:66,0
DA:67,0
DA:68,0
DA:88,0
DA:90,0
DA:95,0
DA:97,0
DA:98,0
DA:100,0
DA:101,0
DA:103,0
DA:104,0
DA:105,0
DA:109,0
DA:110,0
DA:111,0
DA:112,0
DA:113,0
DA:115,0
DA:116,0
DA:120,0
DA:121,0
DA:122,0
DA:124,0
DA:125,0
DA:127,0
DA:128,0
DA:130,0
DA:131,0
DA:132,0
DA:133,0
DA:134,0
DA:135,0
DA:138,0
DA:140,0
DA:141,0
DA:142,0
DA:145,0
DA:149,0
DA:150,0
DA:151,0
DA:152,0
DA:153,0
DA:154,0
DA:155,0
DA:156,0
DA:159,0
DA:160,0
DA:161,0
DA:165,0
DA:166,0
DA:167,0
DA:168,0
DA:169,0
DA:174,0
DA:176,0
DA:178,0
DA:181,0
DA:187,0
DA:188,0
DA:191,0
DA:193,0
DA:194,0
DA:197,0
DA:200,0
DA:205,0
DA:208,0
DA:211,0
DA:213,0
DA:215,0
DA:216,0
DA:217,0
DA:219,0
DA:221,0
DA:222,0
DA:225,0
DA:226,0
DA:227,0
DA:230,0
DA:231,0
DA:232,0
DA:235,0
DA:237,0
DA:239,0
DA:242,0
DA:245,0
DA:246,0
DA:247,0
DA:248,0
DA:251,0
DA:252,0
DA:254,0
DA:255,0
DA:260,0
DA:267,0
DA:268,0
DA:270,0
DA:272,0
DA:273,0
DA:274,0
DA:276,0
DA:277,0
DA:281,0
DA:282,0
DA:283,0
DA:289,0
DA:290,0
DA:292,0
DA:294,0
DA:295,0
DA:299,0
DA:300,0
DA:301,0
DA:302,0
DA:303,0
DA:304,0
DA:305,0
DA:306,0
DA:307,0
DA:308,0
DA:309,0
DA:310,0
DA:311,0
DA:313,0
DA:317,0
DA:320,0
DA:321,0
DA:322,0
DA:323,0
DA:329,0
DA:330,0
DA:331,0
DA:333,0
DA:334,0
DA:336,0
DA:337,0
DA:338,0
DA:339,0
DA:342,0
DA:343,0
DA:344,0
DA:346,0
DA:348,0
DA:355,0
DA:356,0
DA:357,0
DA:359,0
DA:360,0
DA:365,0
DA:366,0
DA:367,0
DA:370,0
DA:371,0
DA:372,0
DA:373,0
DA:375,0
DA:376,0
DA:377,0
DA:378,0
DA:379,0
DA:384,0
DA:385,0
DA:386,0
DA:387,0
DA:388,0
DA:389,0
DA:390,0
DA:391,0
DA:399,0
DA:400,0
DA:401,0
DA:402,0
DA:403,0
DA:405,0
DA:406,0
DA:407,0
DA:411,0
DA:412,0
DA:413,0
DA:414,0
DA:417,0
DA:418,0
DA:419,0
DA:420,0
DA:421,0
DA:422,0
DA:423,0
DA:433,0
DA:439,0
DA:440,0
DA:442,0
DA:443,0
DA:444,0
DA:445,0
DA:449,0
DA:450,0
DA:451,0
DA:452,0
DA:453,0
DA:457,0
DA:459,0
DA:460,0
DA:462,0
DA:463,0
DA:466,0
DA:472,0
DA:473,0
DA:475,0
DA:478,0
DA:481,0
DA:483,0
DA:487,0
DA:492,0
DA:493,0
DA:494,0
DA:495,0
DA:498,0
DA:501,0
DA:508,0
DA:513,0
DA:521,0
DA:523,0
DA:526,0
DA:527,0
DA:534,0
DA:537,0
DA:544,0
DA:545,0
DA:547,0
DA:552,0
DA:560,0
DA:576,0
DA:584,0
DA:590,0
DA:602,0
LF:241
LH:0
end_of_record
SF:lib/screen/bloc/accounts/accounts_bloc.dart
DA:24,0
DA:25,0
DA:26,0
DA:27,0
DA:28,0
DA:29,0
DA:33,0
DA:36,0
DA:37,0
DA:38,0
DA:39,0
DA:40,0
DA:41,0
DA:42,0
DA:46,0
DA:47,0
DA:49,0
DA:50,0
DA:51,0
DA:52,0
DA:53,0
DA:56,0
DA:57,0
DA:58,0
DA:60,0
DA:61,0
DA:62,0
DA:63,0
DA:64,0
DA:66,0
DA:67,0
DA:73,0
DA:74,0
DA:75,0
DA:83,0
DA:84,0
DA:85,0
DA:87,0
DA:90,0
LF:39
LH:0
end_of_record
SF:lib/screen/bloc/bluetooth_connect/bluetooth_connect_bloc.dart
DA:9,0
DA:10,0
DA:11,0
DA:15,0
DA:17,0
DA:18,0
DA:19,0
DA:21,0
DA:23,0
LF:9
LH:0
end_of_record
SF:lib/screen/bloc/identity/identity_bloc.dart
DA:18,0
DA:24,0
DA:26,0
DA:31,0
DA:32,0
DA:33,0
DA:35,0
DA:36,0
DA:39,0
DA:40,0
DA:44,0
DA:46,0
DA:47,0
DA:48,0
DA:50,0
DA:51,0
DA:55,0
DA:58,0
DA:60,0
DA:63,0
DA:66,0
DA:67,0
DA:71,0
DA:74,0
DA:76,0
DA:78,0
DA:79,0
DA:80,0
DA:81,0
DA:82,0
DA:83,0
DA:85,0
DA:86,0
DA:93,0
DA:94,0
DA:95,0
DA:96,0
DA:97,0
DA:100,0
DA:101,0
DA:105,0
DA:107,0
DA:109,0
DA:110,0
DA:111,0
DA:112,0
DA:113,0
DA:114,0
DA:116,0
DA:124,0
DA:125,0
DA:133,0
DA:134,0
LF:53
LH:0
end_of_record
SF:lib/screen/bloc/identity/identity_state.dart
DA:16,0
DA:23,0
DA:28,0
DA:34,0
LF:4
LH:0
end_of_record
SF:lib/screen/bloc/subscription/subscription_bloc.dart
DA:6,0
DA:7,0
DA:8,0
DA:10,0
DA:11,0
LF:5
LH:0
end_of_record
SF:lib/screen/dailies_work/dailies_work_bloc.dart
DA:23,0
DA:24,0
DA:25,0
DA:29,0
DA:30,0
DA:31,0
DA:35,0
DA:36,0
DA:37,0
DA:39,0
DA:42,0
DA:43,0
DA:44,0
DA:46,0
DA:48,0
DA:49,0
DA:52,0
DA:57,0
DA:58,0
LF:19
LH:0
end_of_record
SF:lib/screen/detail/preview/canvas_device_bloc.dart
DA:30,0
DA:40,0
DA:52,0
DA:71,0
DA:78,0
DA:94,0
DA:100,0
DA:106,0
DA:112,0
DA:118,0
DA:125,0
DA:132,0
DA:139,0
DA:144,0
DA:145,0
DA:146,0
DA:147,0
DA:154,0
DA:160,0
DA:161,0
DA:163,0
DA:164,0
DA:165,0
DA:168,0
DA:172,0
DA:173,0
DA:174,0
DA:175,0
DA:180,0
DA:181,0
DA:183,0
DA:186,0
DA:189,0
DA:191,0
DA:196,0
DA:197,0
DA:199,0
DA:200,0
DA:201,0
DA:204,0
DA:206,0
DA:207,0
DA:209,0
DA:210,0
DA:212,0
DA:213,0
DA:217,0
DA:221,0
DA:222,0
DA:224,0
DA:229,0
DA:230,0
DA:233,0
DA:234,0
DA:235,0
DA:236,0
DA:237,0
DA:238,0
DA:242,0
DA:243,0
DA:244,0
DA:248,0
DA:249,0
DA:253,0
DA:255,0
DA:256,0
DA:257,0
DA:258,0
DA:259,0
DA:260,0
DA:261,0
DA:262,0
DA:263,0
DA:264,0
DA:265,0
DA:267,0
DA:271,0
DA:272,0
DA:273,0
DA:274,0
DA:275,0
DA:276,0
DA:277,0
DA:281,0
DA:282,0
DA:284,0
DA:286,0
DA:288,0
DA:290,0
DA:298,0
DA:299,0
DA:300,0
DA:301,0
DA:304,0
DA:305,0
DA:307,0
DA:309,0
DA:310,0
DA:311,0
DA:313,0
DA:315,0
DA:317,0
DA:321,0
DA:322,0
DA:324,0
DA:325,0
DA:328,0
DA:330,0
DA:334,0
DA:335,0
DA:337,0
DA:338,0
DA:341,0
DA:344,0
DA:348,0
DA:349,0
DA:350,0
DA:352,0
DA:356,0
DA:357,0
DA:359,0
DA:360,0
DA:363,0
DA:365,0
DA:367,0
DA:368,0
DA:372,0
DA:376,0
DA:377,0
DA:379,0
DA:380,0
DA:383,0
DA:385,0
DA:387,0
DA:388,0
DA:392,0
DA:396,0
DA:397,0
DA:398,0
DA:400,0
DA:402,0
DA:406,0
DA:407,0
DA:408,0
DA:411,0
DA:413,0
DA:415,0
DA:417,0
DA:418,0
DA:425,0
DA:426,0
DA:427,0
DA:428,0
LF:153
LH:0
end_of_record
SF:lib/screen/meili_search/meili_search_bloc.dart
DA:25,0
DA:47,0
DA:62,0
DA:76,0
DA:77,0
DA:78,0
DA:79,0
DA:80,0
DA:81,0
DA:82,0
DA:83,0
DA:84,0
DA:85,0
DA:86,0
DA:87,0
DA:88,0
DA:92,0
DA:93,0
DA:95,0
DA:105,0
DA:106,0
DA:107,0
DA:111,0
DA:113,0
DA:114,0
DA:117,0
DA:121,0
DA:122,0
DA:123,0
DA:130,0
DA:132,0
DA:133,0
DA:134,0
DA:137,0
DA:139,0
DA:140,0
DA:141,0
DA:143,0
DA:144,0
DA:145,0
DA:146,0
DA:147,0
DA:148,0
DA:149,0
DA:151,0
DA:152,0
DA:155,0
DA:156,0
DA:157,0
DA:159,0
DA:161,0
DA:162,0
DA:163,0
DA:166,0
DA:171,0
DA:172,0
DA:175,0
DA:179,0
DA:182,0
DA:186,0
LF:60
LH:0
end_of_record
SF:lib/screen/mobile_controller/screens/explore/bloc/record_controller_state.dart
DA:14,0
DA:20,0
DA:23,0
DA:27,0
DA:28,0
DA:29,0
DA:32,0
DA:33,0
DA:34,0
DA:35,0
DA:39,0
DA:44,0
DA:45,0
DA:46,0
DA:47,0
DA:56,0
DA:60,0
DA:64,0
DA:78,0
DA:87,0
DA:88,0
DA:89,0
DA:90,0
DA:91,0
DA:92,0
DA:93,0
DA:96,0
DA:100,0
DA:110,0
DA:111,0
DA:113,0
DA:119,0
DA:123,0
DA:129,0
DA:135,0
DA:141,0
DA:147,0
LF:37
LH:0
end_of_record
SF:lib/screen/mobile_controller/screens/explore/bloc/record_controller_event.dart
DA:12,0
DA:20,0
LF:2
LH:0
end_of_record
SF:lib/screen/mobile_controller/screens/explore/bloc/record_controller_bloc.dart
DA:27,0
DA:33,0
DA:34,0
DA:35,0
DA:36,0
DA:37,0
DA:39,0
DA:40,0
DA:43,0
DA:46,0
DA:48,0
DA:49,0
DA:59,0
DA:63,0
DA:64,0
DA:65,0
DA:69,0
DA:73,0
DA:74,0
DA:76,0
DA:78,0
DA:82,0
DA:83,0
DA:85,0
DA:88,0
DA:92,0
DA:96,0
DA:98,0
DA:99,0
DA:100,0
DA:105,0
DA:106,0
DA:113,0
DA:114,0
DA:118,0
DA:120,0
DA:121,0
DA:122,0
DA:128,0
DA:132,0
DA:133,0
DA:134,0
DA:135,0
DA:143,0
DA:145,0
DA:149,0
DA:151,0
DA:152,0
DA:153,0
DA:159,0
DA:163,0
DA:165,0
DA:166,0
DA:167,0
DA:171,0
DA:172,0
DA:173,0
DA:175,0
DA:176,0
DA:177,0
DA:178,0
DA:185,0
DA:189,0
DA:190,0
DA:191,0
DA:192,0
DA:193,0
DA:194,0
DA:195,0
DA:196,0
DA:197,0
DA:198,0
DA:199,0
DA:200,0
DA:201,0
DA:202,0
DA:203,0
DA:205,0
DA:209,0
DA:213,0
DA:214,0
DA:215,0
DA:216,0
DA:217,0
DA:223,0
DA:224,0
DA:232,0
DA:236,0
DA:237,0
DA:238,0
DA:243,0
DA:244,0
DA:251,0
DA:256,0
DA:257,0
DA:258,0
DA:261,0
DA:263,0
DA:264,0
DA:272,0
DA:277,0
DA:278,0
DA:281,0
DA:282,0
DA:283,0
DA:289,0
DA:290,0
DA:294,0
DA:302,0
DA:306,0
DA:308,0
DA:309,0
DA:310,0
DA:315,0
DA:334,0
DA:338,0
DA:339,0
DA:340,0
DA:341,0
DA:342,0
DA:343,0
DA:346,0
DA:349,0
DA:353,0
DA:357,0
DA:358,0
DA:359,0
DA:360,0
DA:361,0
DA:367,0
DA:371,0
DA:372,0
DA:373,0
DA:374,0
DA:379,0
DA:382,0
DA:383,0
DA:386,0
DA:390,0
DA:393,0
DA:394,0
DA:397,0
DA:398,0
DA:404,0
DA:407,0
DA:410,0
DA:412,0
DA:415,0
DA:416,0
DA:417,0
DA:418,0
DA:421,0
DA:422,0
DA:427,0
DA:428,0
DA:430,0
DA:433,0
DA:434,0
LF:158
LH:0
end_of_record
SF:lib/screen/mobile_controller/screens/index/view/channels/bloc/channels_event.dart
DA:4,4
DA:8,3
DA:12,1
DA:16,2
LF:4
LH:4
end_of_record
SF:lib/screen/mobile_controller/screens/index/view/channels/bloc/channels_state.dart
DA:13,1
DA:27,0
DA:34,0
DA:35,0
DA:36,0
DA:37,0
DA:38,0
DA:39,0
DA:43,0
DA:46,0
DA:47,0
DA:48,0
DA:49,0
DA:50,0
DA:51,0
DA:54,0
DA:56,0
DA:57,0
DA:58,0
DA:59,0
DA:60,0
DA:63,0
DA:64,0
DA:65,0
DA:66,0
DA:67,0
LF:26
LH:1
end_of_record
SF:lib/screen/mobile_controller/screens/index/view/channels/bloc/channels_bloc.dart
DA:11,0
DA:12,0
DA:13,0
DA:14,0
DA:19,0
DA:23,0
DA:29,0
DA:34,0
DA:38,0
DA:40,0
DA:45,0
DA:49,0
DA:56,0
DA:65,0
DA:67,0
DA:71,0
DA:72,0
DA:104,0
DA:105,0
DA:106,0
DA:108,0
LF:21
LH:0
end_of_record
SF:lib/screen/mobile_controller/screens/index/view/collection/bloc/user_all_own_collection_bloc.dart
DA:24,0
DA:25,0
DA:26,0
DA:27,0
DA:28,0
DA:29,0
DA:30,0
DA:35,0
DA:39,0
DA:40,0
DA:41,0
DA:42,0
DA:43,0
DA:45,0
DA:47,0
DA:48,0
DA:52,0
DA:57,0
DA:59,0
DA:60,0
DA:61,0
DA:65,0
DA:68,0
DA:69,0
DA:71,0
DA:74,0
DA:75,0
DA:78,0
DA:79,0
DA:81,0
DA:83,0
DA:84,0
DA:86,0
DA:87,0
DA:89,0
DA:91,0
DA:92,0
DA:93,0
DA:95,0
DA:96,0
DA:99,0
DA:100,0
DA:106,0
DA:108,0
DA:109,0
DA:110,0
DA:111,0
DA:112,0
DA:115,0
DA:116,0
DA:119,0
DA:120,0
DA:121,0
DA:122,0
DA:124,0
DA:125,0
DA:128,0
DA:129,0
DA:130,0
DA:134,0
DA:135,0
DA:138,0
DA:143,0
DA:145,0
DA:146,0
DA:147,0
DA:148,0
DA:150,0
DA:154,0
DA:157,0
DA:161,0
DA:163,0
DA:166,0
DA:167,0
DA:168,0
DA:170,0
DA:171,0
DA:173,0
DA:174,0
DA:175,0
DA:176,0
DA:179,0
DA:184,0
DA:188,0
DA:189,0
DA:190,0
DA:191,0
DA:194,0
DA:195,0
DA:196,0
DA:198,0
DA:200,0
DA:202,0
LF:93
LH:0
end_of_record
SF:lib/screen/mobile_controller/screens/index/view/collection/bloc/user_all_own_collection_state.dart
DA:9,0
DA:16,1
DA:26,0
DA:27,0
DA:28,0
DA:30,0
DA:35,0
DA:36,0
DA:37,0
DA:38,0
LF:10
LH:1
end_of_record
SF:lib/screen/mobile_controller/screens/index/view/collection/bloc/user_all_own_collection_event.dart
DA:6,0
DA:11,0
DA:17,0
LF:3
LH:0
end_of_record
SF:lib/screen/mobile_controller/screens/index/view/playlists/bloc/playlists_event.dart
DA:4,4
DA:8,3
DA:12,1
DA:16,2
LF:4
LH:4
end_of_record
SF:lib/screen/mobile_controller/screens/index/view/playlists/bloc/playlists_state.dart
DA:13,1
DA:27,0
DA:34,0
DA:35,0
DA:36,0
DA:37,0
DA:38,0
DA:39,0
DA:43,0
DA:46,0
DA:47,0
DA:48,0
DA:49,0
DA:50,0
DA:51,0
DA:54,0
DA:56,0
DA:57,0
DA:58,0
DA:59,0
DA:60,0
DA:63,0
DA:64,0
DA:65,0
DA:66,0
DA:67,0
LF:26
LH:1
end_of_record
SF:lib/screen/mobile_controller/screens/index/view/playlists/bloc/playlists_bloc.dart
DA:10,0
DA:11,0
DA:12,0
DA:13,0
DA:18,0
DA:22,0
DA:28,0
DA:33,0
DA:37,0
DA:39,0
DA:44,0
DA:48,0
DA:55,0
DA:64,0
DA:66,0
DA:70,0
DA:71,0
DA:102,0
DA:103,0
DA:105,0
LF:20
LH:0
end_of_record
SF:lib/screen/mobile_controller/screens/index/view/works/bloc/works_state.dart
DA:13,1
DA:27,0
DA:34,0
DA:35,0
DA:36,0
DA:37,0
DA:38,0
DA:39,0
DA:43,0
DA:46,0
DA:47,0
DA:48,0
DA:49,0
DA:50,0
DA:51,0
DA:54,0
DA:56,0
DA:57,0
DA:58,0
DA:59,0
DA:60,0
DA:63,0
DA:64,0
DA:65,0
DA:66,0
DA:67,0
LF:26
LH:1
end_of_record
SF:lib/screen/mobile_controller/screens/index/view/works/bloc/works_event.dart
DA:4,1
DA:8,1
DA:12,1
DA:16,1
LF:4
LH:4
end_of_record
SF:lib/screen/mobile_controller/screens/index/view/works/bloc/works_bloc.dart
DA:13,0
DA:16,0
DA:17,0
DA:18,0
DA:19,0
DA:26,0
DA:30,0
DA:36,0
DA:41,0
DA:45,0
DA:47,0
DA:52,0
DA:56,0
DA:63,0
DA:72,0
DA:74,0
DA:78,0
DA:79,0
DA:80,0
DA:82,0
DA:89,0
DA:90,0
DA:96,0
DA:97,0
DA:100,0
DA:102,0
DA:105,0
DA:106,0
DA:107,0
DA:108,0
DA:109,0
DA:110,0
DA:111,0
DA:121,0
DA:122,0
DA:123,0
DA:129,0
DA:130,0
DA:133,0
DA:134,0
DA:139,0
DA:140,0
DA:142,0
LF:43
LH:0
end_of_record
SF:lib/service/address_service.dart
DA:24,0
DA:28,0
DA:30,0
DA:31,0
DA:34,0
DA:35,0
DA:40,0
DA:41,0
DA:42,0
DA:43,0
DA:46,0
DA:50,0
DA:52,0
DA:55,0
DA:58,0
DA:62,0
DA:63,0
DA:66,0
DA:70,0
DA:71,0
DA:72,0
DA:73,0
DA:74,0
DA:76,0
DA:78,0
DA:79,0
DA:80,0
DA:81,0
DA:84,0
DA:85,0
DA:86,0
DA:87,0
DA:88,0
DA:89,0
DA:93,0
DA:94,0
DA:97,0
DA:98,0
DA:99,0
DA:100,0
DA:101,0
DA:104,0
DA:108,0
DA:109,0
DA:110,0
DA:115,0
DA:116,0
DA:119,0
DA:120,0
DA:124,0
DA:125,0
DA:126,0
LF:52
LH:0
end_of_record
SF:lib/service/announcement/announcement_service.dart
DA:42,0
DA:54,0
DA:56,0
DA:57,0
DA:61,0
DA:64,0
DA:65,0
DA:66,0
DA:67,0
DA:68,0
DA:70,0
DA:71,0
DA:73,0
DA:74,0
DA:75,0
DA:76,0
DA:77,0
DA:80,0
DA:81,0
DA:83,0
DA:84,0
DA:86,0
DA:87,0
DA:91,0
DA:93,0
DA:94,0
DA:98,0
DA:103,0
DA:105,0
DA:109,0
DA:110,0
DA:111,0
DA:112,0
DA:113,0
DA:117,0
DA:118,0
DA:119,0
DA:120,0
DA:121,0
DA:122,0
DA:123,0
DA:125,0
DA:126,0
DA:129,0
DA:130,0
DA:131,0
DA:132,0
DA:134,0
DA:139,0
DA:142,0
DA:143,0
DA:144,0
DA:147,0
DA:149,0
DA:151,0
DA:152,0
DA:153,0
DA:155,0
DA:158,0
DA:159,0
DA:161,0
DA:165,0
DA:167,0
DA:169,0
DA:170,0
DA:171,0
DA:172,0
DA:175,0
DA:177,0
DA:184,0
DA:185,0
DA:187,0
DA:197,0
DA:198,0
DA:199,0
DA:200,0
DA:204,0
DA:206,0
DA:207,0
DA:210,0
DA:212,0
DA:213,0
DA:215,0
DA:221,0
DA:223,0
DA:224,0
LF:86
LH:0
end_of_record
SF:lib/service/announcement/announcement_store.dart
DA:5,0
DA:8,0
DA:10,0
LF:3
LH:0
end_of_record
SF:lib/service/audio_service.dart
DA:13,0
DA:14,0
DA:15,0
DA:21,0
DA:22,0
DA:23,0
DA:24,0
DA:26,0
DA:29,0
DA:34,0
DA:35,0
DA:36,0
DA:37,0
DA:38,0
DA:39,0
DA:40,0
DA:41,0
DA:42,0
DA:43,0
DA:44,0
DA:47,0
DA:50,0
DA:53,0
DA:54,0
DA:55,0
DA:56,0
DA:57,0
DA:58,0
DA:59,0
DA:64,0
DA:65,0
DA:70,0
DA:71,0
DA:72,0
DA:73,0
DA:74,0
DA:75,0
DA:76,0
DA:78,0
DA:79,0
DA:80,0
DA:81,0
DA:88,0
DA:89,0
DA:90,0
DA:102,0
DA:104,0
DA:106,0
DA:108,0
DA:110,0
DA:112,0
DA:124,0
DA:130,0
DA:131,0
DA:135,0
DA:136,0
DA:140,0
DA:144,0
DA:145,0
DA:149,0
DA:153,0
DA:158,0
DA:159,0
DA:164,0
DA:165,0
LF:65
LH:0
end_of_record
SF:lib/service/bluetooth_service.dart
DA:39,0
DA:41,0
DA:43,0
DA:45,0
DA:47,0
DA:49,0
DA:51,0
DA:56,0
DA:59,0
DA:60,0
DA:61,0
DA:63,0
DA:64,0
DA:68,0
DA:71,0
DA:72,0
DA:73,0
DA:74,0
DA:75,0
DA:79,0
DA:80,0
DA:84,0
DA:87,0
DA:88,0
DA:89,0
DA:90,0
DA:91,0
DA:96,0
DA:97,0
DA:98,0
DA:105,0
DA:108,0
DA:109,0
DA:110,0
DA:111,0
DA:112,0
DA:116,0
DA:120,0
DA:123,0
DA:124,0
DA:125,0
DA:126,0
DA:127,0
DA:131,0
DA:136,0
DA:139,0
DA:140,0
DA:144,0
DA:146,0
DA:147,0
DA:148,0
DA:149,0
DA:150,0
DA:151,0
DA:152,0
DA:153,0
DA:154,0
DA:155,0
DA:156,0
DA:157,0
DA:161,0
DA:165,0
DA:166,0
DA:169,0
DA:170,0
DA:173,0
DA:174,0
DA:177,0
DA:178,0
DA:181,0
DA:182,0
DA:185,0
DA:186,0
DA:194,0
DA:198,0
DA:199,0
DA:200,0
DA:201,0
DA:203,0
DA:204,0
DA:205,0
DA:206,0
DA:207,0
DA:209,0
DA:210,0
DA:213,0
DA:214,0
DA:215,0
DA:216,0
DA:218,0
DA:220,0
DA:221,0
DA:223,0
DA:224,0
DA:225,0
DA:229,0
DA:230,0
DA:232,0
DA:233,0
DA:234,0
DA:235,0
DA:237,0
DA:240,0
DA:241,0
DA:242,0
DA:243,0
DA:244,0
DA:246,0
DA:247,0
DA:249,0
DA:256,0
DA:257,0
DA:258,0
DA:260,0
DA:261,0
DA:262,0
DA:263,0
DA:264,0
DA:265,0
DA:266,0
DA:267,0
DA:269,0
DA:272,0
DA:273,0
DA:278,0
DA:279,0
DA:280,0
DA:282,0
DA:283,0
DA:284,0
DA:287,0
DA:288,0
DA:292,0
DA:293,0
DA:296,0
DA:297,0
DA:298,0
DA:299,0
DA:300,0
DA:306,0
DA:307,0
DA:308,0
DA:309,0
DA:310,0
DA:311,0
DA:312,0
DA:318,0
DA:320,0
DA:328,0
DA:329,0
DA:332,0
DA:333,0
DA:334,0
DA:335,0
DA:340,0
DA:344,0
DA:345,0
DA:348,0
DA:350,0
DA:352,0
DA:353,0
DA:354,0
DA:355,0
DA:359,0
DA:361,0
DA:363,0
DA:364,0
DA:365,0
DA:368,0
DA:372,0
DA:374,0
DA:375,0
DA:376,0
DA:378,0
DA:385,0
DA:386,0
DA:387,0
DA:393,0
DA:398,0
DA:399,0
DA:402,0
DA:403,0
DA:404,0
DA:405,0
DA:406,0
DA:409,0
DA:410,0
DA:412,0
DA:415,0
DA:416,0
DA:422,0
DA:423,0
DA:424,0
DA:425,0
DA:428,0
DA:432,0
DA:433,0
DA:437,0
DA:439,0
DA:442,0
DA:445,0
DA:446,0
DA:447,0
DA:451,0
DA:455,0
DA:456,0
DA:457,0
DA:460,0
DA:463,0
DA:464,0
DA:465,0
DA:469,0
DA:472,0
DA:477,0
DA:478,0
DA:479,0
DA:480,0
DA:488,0
DA:491,0
DA:494,0
DA:498,0
DA:499,0
DA:500,0
DA:506,0
DA:507,0
DA:511,0
DA:520,0
DA:526,0
DA:527,0
DA:529,0
DA:530,0
DA:532,0
DA:533,0
DA:538,0
DA:539,0
DA:548,0
DA:553,0
DA:554,0
DA:556,0
DA:558,0
DA:561,0
DA:563,0
DA:564,0
DA:565,0
DA:567,0
DA:568,0
DA:569,0
DA:570,0
DA:571,0
DA:573,0
DA:574,0
DA:576,0
DA:585,0
DA:590,0
DA:591,0
DA:592,0
DA:598,0
DA:600,0
DA:601,0
DA:609,0
DA:610,0
DA:611,0
DA:613,0
DA:622,0
DA:628,0
DA:629,0
DA:630,0
DA:631,0
DA:633,0
DA:635,0
DA:636,0
DA:638,0
DA:640,0
DA:643,0
DA:644,0
DA:649,0
DA:650,0
DA:651,0
DA:652,0
DA:653,0
DA:659,0
DA:663,0
DA:668,0
DA:669,0
DA:672,0
DA:674,0
DA:676,0
DA:677,0
DA:678,0
DA:680,0
DA:681,0
DA:687,0
DA:689,0
DA:690,0
DA:691,0
DA:692,0
DA:693,0
DA:694,0
DA:696,0
DA:700,0
DA:702,0
DA:703,0
DA:704,0
DA:705,0
DA:706,0
DA:707,0
DA:710,0
DA:711,0
DA:713,0
DA:714,0
DA:715,0
DA:723,0
DA:724,0
DA:727,0
DA:731,0
DA:735,0
DA:736,0
DA:738,0
DA:739,0
DA:740,0
DA:743,0
DA:744,0
DA:745,0
DA:750,0
DA:751,0
DA:752,0
DA:753,0
DA:756,0
DA:757,0
DA:758,0
DA:760,0
DA:761,0
DA:762,0
DA:765,0
DA:768,0
DA:774,0
DA:777,0
DA:783,0
DA:784,0
DA:790,0
DA:797,0
DA:799,0
DA:801,0
DA:803,0
DA:804,0
DA:805,0
DA:806,0
DA:812,0
DA:814,0
DA:815,0
DA:816,0
DA:817,0
DA:819,0
DA:821,0
DA:822,0
DA:823,0
DA:824,0
DA:827,0
DA:830,0
DA:831,0
DA:832,0
DA:834,0
DA:835,0
DA:837,0
DA:838,0
DA:842,0
DA:843,0
DA:844,0
DA:846,0
DA:847,0
DA:851,0
DA:852,0
DA:855,0
DA:856,0
DA:858,0
DA:859,0
DA:864,0
DA:866,0
DA:868,0
DA:871,0
DA:874,0
DA:877,0
DA:880,0
DA:883,0
DA:885,0
DA:887,0
DA:888,0
DA:889,0
DA:891,0
DA:892,0
DA:895,0
DA:899,0
DA:903,0
DA:909,0
DA:910,0
DA:913,0
DA:914,0
DA:915,0
DA:920,0
DA:922,0
DA:924,0
DA:925,0
DA:926,0
DA:927,0
DA:928,0
DA:931,0
DA:932,0
DA:933,0
DA:935,0
DA:938,0
DA:940,0
DA:941,0
DA:943,0
DA:944,0
DA:947,0
DA:948,0
DA:949,0
DA:960,1
DA:964,1
DA:968,1
DA:972,0
DA:980,0
DA:981,0
DA:982,0
DA:983,0
DA:989,0
DA:997,0
DA:998,0
DA:1005,0
DA:1011,0
DA:1012,0
DA:1013,0
DA:1014,0
DA:1021,0
DA:1022,0
DA:1023,0
DA:1024,0
DA:1025,0
DA:1032,1
DA:1034,0
DA:1035,0
DA:1040,0
DA:1048,0
DA:1051,0
DA:1052,0
DA:1057,0
DA:1065,0
DA:1066,0
DA:1069,0
DA:1070,0
DA:1075,0
DA:1076,0
DA:1077,0
DA:1082,0
DA:1084,0
DA:1085,0
DA:1089,0
DA:1090,0
DA:1091,0
DA:1092,0
LF:460
LH:4
end_of_record
SF:lib/service/client_token_service.dart
DA:16,0
DA:22,0
DA:23,0
DA:25,0
DA:30,0
LF:5
LH:0
end_of_record
SF:lib/service/customer_support_service.dart
DA:34,0
DA:86,0
DA:88,0
DA:90,0
DA:95,0
DA:126,0
DA:128,0
DA:131,0
DA:132,0
DA:134,0
DA:136,0
DA:137,0
DA:139,0
DA:141,0
DA:144,0
DA:145,0
DA:148,0
DA:150,0
DA:152,0
DA:153,0
DA:155,0
DA:157,0
DA:158,0
DA:162,0
DA:164,0
DA:165,0
DA:167,0
DA:168,0
DA:172,0
DA:173,0
DA:176,0
DA:177,0
DA:183,0
DA:185,0
DA:188,0
DA:190,0
DA:191,0
DA:192,0
DA:193,0
DA:196,0
DA:204,0
DA:208,0
DA:210,0
DA:211,0
DA:212,0
DA:213,0
DA:216,0
DA:217,0
DA:219,0
DA:221,0
DA:222,0
DA:224,0
DA:226,0
DA:227,0
DA:232,0
DA:234,0
DA:235,0
DA:236,0
DA:242,0
DA:247,0
DA:248,0
DA:252,0
DA:254,0
DA:256,0
DA:258,0
DA:259,0
DA:262,0
DA:264,0
DA:265,0
DA:266,0
DA:268,0
DA:269,0
DA:272,0
DA:273,0
DA:274,0
DA:275,0
DA:276,0
DA:277,0
DA:278,0
DA:279,0
DA:280,0
DA:281,0
DA:282,0
DA:284,0
DA:286,0
DA:287,0
DA:294,0
DA:296,0
DA:297,0
DA:298,0
DA:302,0
DA:304,0
DA:305,0
DA:308,0
DA:309,0
DA:310,0
DA:314,0
DA:318,0
DA:319,0
DA:321,0
DA:324,0
DA:325,0
DA:326,0
DA:328,0
DA:329,0
DA:331,0
DA:332,0
DA:333,0
DA:336,0
DA:337,0
DA:338,0
DA:339,0
DA:341,0
DA:343,0
DA:347,0
DA:348,0
DA:353,0
DA:354,0
DA:359,0
DA:360,0
DA:361,0
DA:362,0
DA:363,0
DA:364,0
DA:365,0
DA:366,0
DA:371,0
DA:372,0
DA:373,0
DA:376,0
DA:377,0
DA:378,0
DA:379,0
DA:382,0
DA:387,0
DA:388,0
DA:389,0
DA:390,0
DA:391,0
DA:393,0
DA:394,0
DA:395,0
DA:396,0
DA:397,0
DA:398,0
DA:404,0
DA:406,0
DA:407,0
DA:408,0
DA:411,0
DA:412,0
DA:413,0
DA:417,0
DA:418,0
DA:419,0
DA:420,0
DA:423,0
DA:424,0
DA:425,0
DA:426,0
DA:430,0
DA:431,0
DA:432,0
DA:433,0
DA:437,0
DA:438,0
DA:439,0
DA:440,0
DA:441,0
DA:442,0
DA:443,0
DA:447,0
DA:449,0
DA:450,0
DA:452,0
DA:453,0
DA:454,0
DA:455,0
DA:458,0
DA:460,0
DA:461,0
DA:462,0
DA:466,0
DA:476,0
DA:477,0
DA:481,0
DA:482,0
DA:483,0
DA:484,0
DA:485,0
DA:490,0
DA:491,0
DA:493,0
DA:494,0
DA:496,0
DA:497,0
DA:498,0
DA:500,0
DA:501,0
DA:505,0
DA:507,0
DA:509,0
DA:510,0
DA:516,0
DA:517,0
DA:519,0
DA:521,0
DA:523,0
DA:526,0
DA:527,0
DA:528,0
DA:530,0
DA:533,0
DA:538,0
DA:543,0
DA:544,0
DA:548,0
DA:551,0
DA:553,0
DA:554,0
DA:555,0
DA:558,0
DA:560,0
DA:561,0
DA:562,0
DA:564,0
DA:565,0
DA:566,0
DA:567,0
DA:568,0
DA:571,0
DA:573,0
DA:575,0
DA:577,0
DA:579,0
DA:581,0
LF:236
LH:0
end_of_record
SF:lib/service/deeplink_service.dart
DA:29,0
DA:40,0
DA:50,0
DA:52,0
DA:55,0
DA:56,0
DA:57,0
DA:59,0
DA:62,0
DA:63,0
DA:64,0
DA:66,0
DA:71,0
DA:78,0
DA:86,0
DA:88,0
DA:90,0
DA:91,0
DA:92,0
DA:93,0
DA:96,0
DA:98,0
DA:100,0
DA:102,0
DA:104,0
DA:106,0
DA:107,0
DA:109,0
DA:111,0
DA:115,0
DA:117,0
DA:118,0
DA:119,0
DA:120,0
DA:121,0
DA:122,0
DA:126,0
DA:127,0
DA:128,0
DA:129,0
DA:131,0
DA:132,0
DA:139,0
DA:140,0
DA:142,0
DA:147,0
DA:149,0
DA:150,0
DA:156,0
DA:157,0
DA:159,0
DA:161,0
DA:162,0
DA:167,0
DA:169,0
DA:171,0
DA:175,0
DA:186,0
DA:191,0
DA:193,0
DA:198,0
DA:199,0
DA:200,0
DA:204,0
DA:206,0
DA:214,0
DA:215,0
DA:217,0
DA:219,0
DA:222,0
DA:224,0
DA:225,0
DA:226,0
DA:227,0
DA:228,0
DA:229,0
DA:230,0
DA:231,0
DA:232,0
DA:233,0
DA:234,0
DA:236,0
DA:240,0
DA:244,0
DA:246,0
DA:248,0
DA:250,0
DA:251,0
DA:253,0
DA:255,0
DA:256,0
DA:257,0
DA:259,0
DA:260,0
DA:261,0
DA:263,0
DA:278,0
DA:280,0
DA:285,0
DA:290,0
DA:295,0
LF:101
LH:0
end_of_record
SF:lib/service/dls_service.dart
DA:16,0
DA:21,0
DA:23,0
DA:25,0
DA:27,0
DA:28,0
DA:31,0
DA:36,0
DA:37,0
DA:41,0
DA:42,0
DA:45,0
DA:46,0
DA:49,0
DA:50,0
DA:51,0
DA:52,0
DA:53,0
DA:54,0
DA:55,0
DA:57,0
DA:58,0
DA:63,0
LF:23
LH:0
end_of_record
SF:lib/service/domain_address_service.dart
DA:22,0
DA:26,0
DA:28,0
DA:30,0
DA:32,0
DA:34,0
DA:39,0
DA:42,0
DA:49,0
DA:51,0
DA:53,0
DA:55,0
DA:58,0
DA:60,0
DA:63,0
DA:65,0
DA:69,0
DA:73,0
DA:80,0
DA:81,0
DA:83,0
DA:86,0
DA:88,0
DA:90,0
DA:99,0
DA:100,0
DA:102,0
DA:105,0
DA:107,0
LF:29
LH:0
end_of_record
SF:lib/service/domain_service.dart
DA:14,0
DA:31,0
DA:33,0
DA:35,0
DA:36,0
DA:37,0
DA:39,0
DA:40,0
DA:43,0
DA:44,0
DA:45,0
DA:46,0
DA:49,0
DA:50,0
DA:53,0
DA:54,0
DA:55,0
DA:56,0
DA:63,0
DA:65,0
DA:72,0
DA:74,0
DA:77,0
DA:78,0
DA:79,0
DA:86,0
DA:88,0
DA:89,0
DA:91,0
DA:92,0
DA:95,0
DA:99,0
DA:105,0
DA:109,0
DA:110,0
DA:111,0
DA:112,0
DA:113,0
DA:116,0
DA:117,0
DA:119,0
DA:120,0
DA:125,0
DA:132,0
DA:133,0
DA:134,0
DA:135,0
DA:139,0
DA:140,0
DA:141,0
DA:142,0
DA:144,0
DA:146,0
DA:148,0
DA:149,0
DA:154,0
DA:160,0
DA:161,0
DA:165,0
DA:166,0
DA:172,0
LF:61
LH:0
end_of_record
SF:lib/service/dp1_feed_service.dart
DA:16,0
DA:23,0
DA:28,0
DA:99,0
DA:101,0
DA:106,0
DA:107,0
DA:108,0
DA:109,0
DA:116,0
DA:117,0
DA:129,0
DA:135,0
DA:143,0
DA:145,0
DA:148,0
DA:154,0
DA:155,0
DA:161,0
DA:162,0
DA:163,0
DA:164,0
DA:165,0
DA:170,0
DA:172,0
DA:176,0
DA:177,0
DA:179,0
DA:180,0
DA:182,0
DA:186,0
DA:189,0
DA:190,0
DA:192,0
DA:193,0
DA:195,0
DA:200,0
DA:202,0
DA:204,0
DA:206,0
DA:209,0
DA:210,0
DA:212,0
DA:217,0
DA:228,0
DA:230,0
DA:234,0
DA:240,0
DA:243,0
DA:247,0
DA:254,0
DA:257,0
DA:258,0
DA:259,0
DA:260,0
DA:261,0
DA:262,0
DA:263,0
DA:265,0
DA:268,0
DA:274,0
DA:278,0
DA:279,0
DA:280,0
DA:281,0
DA:285,0
DA:287,0
DA:288,0
DA:289,0
DA:290,0
DA:294,0
DA:296,0
DA:301,0
DA:302,0
DA:303,0
DA:304,0
DA:309,0
DA:311,0
DA:322,0
DA:329,0
DA:338,0
DA:340,0
DA:341,0
DA:343,0
DA:344,0
DA:345,0
DA:346,0
DA:347,0
DA:348,0
DA:349,0
DA:350,0
DA:352,0
DA:353,0
DA:358,0
DA:360,0
DA:365,0
DA:369,0
DA:370,0
DA:381,0
DA:383,0
DA:384,0
DA:389,0
DA:390,0
DA:394,0
DA:395,0
DA:396,0
DA:401,0
DA:414,0
DA:416,0
DA:417,0
DA:418,0
DA:423,0
DA:428,0
DA:430,0
DA:431,0
DA:432,0
DA:437,0
DA:439,0
DA:441,0
DA:442,0
DA:443,0
LF:121
LH:0
end_of_record
SF:lib/service/ethereum_service.dart
DA:25,0
DA:33,0
DA:38,0
DA:40,0
DA:44,0
DA:45,0
DA:47,0
DA:48,0
LF:8
LH:0
end_of_record
SF:lib/service/feed_registry_service.dart
DA:10,0
DA:27,0
DA:41,0
DA:43,0
DA:44,0
DA:48,0
DA:50,0
DA:51,0
DA:57,0
DA:59,0
DA:60,0
DA:63,0
DA:68,0
DA:69,0
DA:70,0
DA:73,0
DA:74,0
DA:75,0
DA:76,0
DA:79,0
DA:80,0
DA:85,0
DA:87,0
DA:89,0
DA:92,0
DA:95,0
DA:97,0
DA:102,0
DA:103,0
DA:104,0
DA:108,0
DA:110,0
DA:111,0
DA:113,0
DA:114,0
DA:116,0
DA:118,0
DA:119,0
DA:120,0
DA:125,0
DA:126,0
DA:128,0
DA:129,0
DA:130,0
DA:135,0
DA:136,0
DA:139,0
DA:140,0
DA:144,0
DA:145,0
DA:146,0
DA:152,0
DA:153,0
DA:154,0
DA:155,0
DA:156,0
DA:157,0
DA:158,0
DA:162,0
DA:164,0
DA:165,0
DA:166,0
DA:167,0
DA:168,0
DA:169,0
DA:171,0
DA:172,0
DA:173,0
DA:174,0
DA:178,0
DA:179,0
DA:181,0
DA:184,0
DA:185,0
DA:186,0
DA:187,0
DA:189,0
DA:192,0
DA:193,0
DA:194,0
DA:196,0
DA:198,0
DA:200,0
DA:206,0
DA:213,0
DA:214,0
DA:219,0
DA:220,0
DA:225,0
LF:89
LH:0
end_of_record
SF:lib/service/feralfile_service.dart
DA:46,0
DA:48,0
DA:50,0
DA:52,0
DA:57,0
DA:59,0
DA:61,0
DA:63,0
DA:68,0
DA:70,0
DA:72,0
DA:74,0
DA:79,0
DA:81,0
DA:83,0
DA:85,0
DA:97,0
DA:99,0
DA:104,0
DA:106,0
DA:111,0
DA:113,0
DA:126,0
DA:128,0
DA:130,0
DA:242,0
DA:251,0
DA:257,0
DA:258,0
DA:263,0
DA:267,0
DA:269,0
DA:270,0
DA:271,0
DA:272,0
DA:274,0
DA:277,0
DA:278,0
DA:285,0
DA:290,0
DA:291,0
DA:293,0
DA:297,0
DA:300,0
DA:301,0
DA:302,0
DA:303,0
DA:304,0
DA:305,0
DA:307,0
DA:308,0
DA:309,0
DA:312,0
DA:316,0
DA:322,0
DA:324,0
DA:325,0
DA:328,0
DA:330,0
DA:331,0
DA:334,0
DA:337,0
DA:338,0
DA:340,0
DA:341,0
DA:342,0
DA:343,0
DA:350,0
DA:361,0
DA:362,0
DA:371,0
DA:372,0
DA:373,0
DA:374,0
DA:375,0
DA:379,0
DA:381,0
DA:382,0
DA:385,0
DA:387,0
DA:388,0
DA:391,0
DA:393,0
DA:395,0
DA:396,0
DA:398,0
DA:399,0
DA:401,0
DA:408,0
DA:410,0
DA:411,0
DA:414,0
DA:420,0
DA:421,0
DA:423,0
DA:424,0
DA:432,0
DA:436,0
DA:442,0
DA:444,0
DA:445,0
DA:446,0
DA:447,0
DA:448,0
DA:449,0
DA:452,0
DA:453,0
DA:455,0
DA:457,0
DA:458,0
DA:467,0
DA:468,0
DA:469,0
DA:470,0
DA:471,0
DA:477,0
DA:482,0
DA:487,0
DA:488,0
DA:489,0
DA:491,0
DA:492,0
DA:493,0
DA:494,0
DA:498,0
DA:503,0
DA:508,0
DA:509,0
DA:510,0
DA:513,0
DA:519,0
DA:520,0
DA:522,0
DA:524,0
DA:525,0
DA:528,0
DA:529,0
DA:530,0
DA:531,0
DA:533,0
DA:535,0
DA:536,0
DA:537,0
DA:540,0
DA:542,0
DA:546,0
DA:553,0
DA:554,0
DA:555,0
DA:556,0
DA:558,0
DA:564,0
DA:566,0
DA:567,0
DA:568,0
DA:569,0
DA:570,0
DA:572,0
DA:576,0
DA:584,0
DA:585,0
DA:586,0
DA:587,0
DA:588,0
DA:591,0
DA:593,0
DA:594,0
DA:603,0
DA:604,0
DA:612,0
DA:620,0
DA:621,0
DA:622,0
DA:623,0
DA:624,0
DA:627,0
DA:628,0
DA:630,0
DA:632,0
DA:634,0
DA:639,0
DA:641,0
DA:647,0
DA:650,0
DA:652,0
DA:653,0
DA:656,0
DA:658,0
DA:659,0
DA:660,0
DA:663,0
DA:664,0
DA:665,0
DA:667,0
DA:668,0
DA:669,0
DA:670,0
DA:673,0
DA:674,0
DA:675,0
DA:680,0
DA:685,0
DA:686,0
DA:687,0
DA:689,0
DA:694,0
DA:697,0
DA:705,0
DA:712,0
DA:716,0
DA:718,0
DA:719,0
DA:722,0
DA:723,0
DA:724,0
DA:726,0
DA:727,0
DA:728,0
DA:729,0
DA:732,0
DA:737,0
DA:738,0
DA:740,0
DA:744,0
DA:745,0
DA:747,0
DA:748,0
DA:754,0
DA:755,0
DA:756,0
DA:760,0
DA:763,0
DA:764,0
DA:769,0
DA:770,0
DA:771,0
DA:772,0
DA:773,0
DA:774,0
DA:775,0
DA:776,0
DA:777,0
DA:779,0
DA:782,0
DA:786,0
DA:794,0
DA:796,0
DA:798,0
DA:801,0
DA:802,0
DA:805,0
DA:806,0
DA:807,0
DA:810,0
DA:811,0
DA:812,0
DA:813,0
DA:819,0
DA:824,0
DA:825,0
DA:826,0
DA:827,0
DA:830,0
DA:832,0
DA:834,0
DA:841,0
DA:843,0
DA:844,0
DA:845,0
DA:846,0
DA:848,0
DA:849,0
DA:850,0
DA:858,0
DA:859,0
DA:860,0
DA:861,0
DA:862,0
DA:864,0
DA:868,0
DA:871,0
DA:874,0
DA:880,0
DA:881,0
DA:883,0
DA:884,0
DA:886,0
DA:890,0
DA:893,0
DA:894,0
DA:898,0
DA:913,0
DA:914,0
DA:915,0
DA:916,0
DA:917,0
DA:919,0
DA:933,0
DA:937,0
DA:947,0
DA:959,0
DA:961,0
DA:962,0
DA:965,0
DA:970,0
DA:977,0
DA:979,0
LF:307
LH:0
end_of_record
SF:lib/service/meilisearch_service.dart
DA:25,0
DA:30,0
DA:32,0
DA:41,0
DA:43,0
DA:44,0
DA:49,0
DA:50,0
DA:51,0
DA:52,0
DA:53,0
DA:54,0
DA:58,0
DA:60,0
DA:62,0
DA:63,0
DA:64,0
DA:65,0
DA:69,0
DA:70,0
DA:71,0
DA:78,0
DA:82,0
DA:88,0
DA:92,0
DA:93,0
DA:94,0
DA:98,0
DA:99,0
DA:100,0
DA:101,0
DA:102,0
DA:107,0
DA:109,0
DA:110,0
DA:115,0
DA:117,0
DA:118,0
DA:123,0
DA:128,0
DA:129,0
DA:130,0
DA:131,0
DA:134,0
DA:135,0
DA:136,0
DA:138,0
DA:140,0
DA:141,0
DA:144,0
DA:145,0
DA:146,0
DA:149,0
DA:150,0
DA:152,0
DA:154,0
DA:155,0
DA:156,0
DA:158,0
DA:160,0
DA:161,0
DA:162,0
DA:163,0
DA:164,0
DA:166,0
DA:169,0
DA:170,0
DA:171,0
DA:174,0
DA:175,0
DA:176,0
DA:178,0
DA:179,0
DA:180,0
DA:183,0
DA:184,0
DA:185,0
DA:187,0
DA:195,0
DA:196,0
DA:197,0
DA:200,0
DA:201,0
DA:202,0
DA:203,0
LF:85
LH:0
end_of_record
SF:lib/service/mobile_controller_service.dart
DA:12,0
DA:17,0
DA:22,0
DA:26,0
DA:28,0
DA:30,0
DA:31,0
DA:36,0
DA:40,0
DA:41,0
DA:42,0
DA:47,0
DA:50,0
DA:51,0
DA:53,0
DA:58,0
DA:62,0
DA:67,0
DA:70,0
DA:71,0
DA:73,0
DA:80,0
DA:83,0
DA:85,0
DA:90,0
DA:91,0
DA:93,0
DA:98,0
DA:99,0
DA:101,0
DA:102,0
DA:103,0
DA:104,0
DA:105,0
DA:106,0
DA:114,0
DA:115,0
DA:120,0
DA:128,0
DA:130,0
DA:132,0
DA:140,0
DA:142,0
DA:161,0
DA:163,0
DA:165,0
DA:167,0
DA:169,0
DA:171,0
DA:173,0
DA:175,0
DA:177,0
DA:185,0
DA:187,0
DA:189,0
DA:191,0
DA:193,0
DA:195,0
DA:197,0
DA:199,0
DA:201,0
DA:211,0
DA:212,0
DA:213,0
DA:214,0
DA:215,0
DA:216,0
DA:217,0
DA:218,0
DA:222,0
DA:227,0
DA:234,0
DA:235,0
DA:236,0
DA:237,0
DA:238,0
DA:239,0
LF:77
LH:0
end_of_record
SF:lib/service/network_issue_manager.dart
DA:21,0
DA:22,0
DA:25,0
DA:27,0
DA:28,0
DA:29,0
DA:30,0
DA:34,0
DA:35,0
DA:38,0
DA:40,0
DA:41,0
DA:42,0
DA:44,0
DA:45,0
DA:46,0
DA:51,0
DA:55,0
DA:56,0
DA:60,0
DA:64,0
DA:66,0
DA:67,0
DA:68,0
DA:70,0
DA:74,0
DA:77,0
DA:78,0
DA:79,0
DA:80,0
DA:81,0
DA:82,0
DA:84,0
DA:86,0
DA:87,0
DA:90,0
DA:92,0
DA:93,0
DA:94,0
LF:39
LH:0
end_of_record
SF:lib/service/network_service.dart
DA:25,0
DA:26,0
DA:27,0
DA:28,0
DA:30,0
DA:31,0
DA:32,0
DA:37,0
DA:39,0
DA:42,0
LF:10
LH:0
end_of_record
SF:lib/service/passkey_service.dart
DA:45,0
DA:64,0
DA:65,0
DA:67,0
DA:69,0
DA:70,0
DA:71,0
DA:73,0
DA:75,0
DA:77,0
DA:78,0
DA:82,0
DA:84,0
DA:90,0
DA:93,0
DA:94,0
DA:95,0
DA:96,0
DA:99,0
DA:100,0
DA:105,0
DA:108,0
DA:110,0
DA:111,0
DA:112,0
DA:113,0
DA:114,0
DA:117,0
DA:118,0
DA:123,0
DA:126,0
DA:128,0
DA:129,0
DA:130,0
DA:132,0
DA:133,0
DA:135,0
DA:136,0
DA:137,0
DA:138,0
DA:139,0
DA:142,0
DA:143,0
DA:147,0
DA:151,0
DA:152,0
DA:154,0
DA:158,0
DA:161,0
DA:162,0
DA:163,0
DA:164,0
DA:167,0
DA:172,0
DA:175,0
DA:176,0
DA:177,0
DA:178,0
DA:179,0
DA:180,0
DA:182,0
DA:183,0
DA:188,0
DA:190,0
DA:192,0
DA:194,0
DA:195,0
DA:196,0
DA:197,0
DA:199,0
DA:200,0
DA:201,0
DA:202,0
DA:203,0
DA:204,0
DA:205,0
DA:206,0
DA:207,0
DA:208,0
DA:212,0
DA:214,0
DA:215,0
DA:217,0
DA:218,0
DA:220,0
DA:222,0
DA:226,0
DA:228,0
DA:229,0
DA:230,0
DA:232,0
DA:233,0
DA:234,0
DA:235,0
DA:237,0
DA:238,0
DA:239,0
DA:240,0
DA:241,0
DA:245,0
DA:246,0
DA:247,0
DA:250,0
DA:251,0
DA:254,0
DA:255,0
DA:260,0
DA:262,0
DA:268,0
DA:269,0
DA:270,0
DA:271,0
DA:272,0
LF:113
LH:0
end_of_record
SF:lib/service/remote_config_service.dart
DA:19,0
DA:24,0
DA:25,0
DA:32,0
DA:33,0
DA:44,0
DA:45,0
DA:46,0
DA:47,0
DA:56,0
DA:59,0
DA:93,0
DA:94,0
DA:97,0
DA:101,0
DA:105,0
DA:106,0
DA:107,0
DA:108,0
DA:113,0
DA:114,0
DA:115,0
DA:122,0
DA:123,0
DA:124,0
DA:133,0
DA:134,0
DA:138,0
DA:142,0
DA:143,0
DA:146,0
DA:150,0
DA:151,0
DA:153,0
DA:154,0
DA:157,0
DA:158,0
DA:160,0
DA:161,0
DA:168,0
DA:171,0
DA:173,0
DA:176,0
DA:177,0
DA:179,0
DA:180,0
DA:181,0
DA:183,0
DA:185,0
DA:189,0
DA:192,0
DA:193,0
DA:195,0
DA:196,0
DA:201,0
DA:204,0
DA:205,0
DA:207,0
DA:208,0
DA:209,0
DA:210,0
DA:212,0
DA:213,0
DA:214,0
DA:215,0
DA:217,0
DA:220,0
DA:223,0
DA:251,0
DA:253,0
DA:255,0
DA:257,0
DA:259,0
DA:261,0
DA:263,0
DA:265,0
DA:267,0
DA:269,0
DA:271,0
DA:273,0
DA:275,0
DA:277,0
DA:279,0
DA:281,0
DA:283,0
DA:285,0
DA:339,0
DA:341,0
DA:343,0
DA:345,0
DA:347,0
DA:349,0
DA:351,0
DA:353,0
DA:355,0
DA:357,0
DA:359,0
DA:361,0
DA:363,0
DA:365,0
DA:367,0
DA:369,0
DA:371,0
DA:373,0
DA:375,0
DA:377,0
DA:379,0
DA:381,0
DA:383,0
DA:385,0
DA:387,0
DA:389,0
DA:391,0
DA:393,0
DA:395,0
DA:397,0
DA:399,0
DA:401,0
DA:403,0
DA:405,0
DA:407,0
DA:409,0
DA:411,0
DA:413,0
DA:415,0
DA:417,0
DA:419,0
DA:421,0
DA:423,0
DA:425,0
LF:130
LH:0
end_of_record
SF:lib/service/secure_storage_server.dart
DA:21,0
DA:35,0
DA:37,0
DA:40,0
DA:41,0
DA:45,0
DA:47,0
DA:49,0
DA:50,0
DA:54,0
DA:56,0
DA:58,0
DA:59,0
DA:63,0
DA:65,0
DA:68,0
DA:70,0
DA:72,0
LF:18
LH:0
end_of_record
SF:lib/service/user_interactivity_service.dart
DA:21,0
DA:24,0
DA:26,0
DA:27,0
DA:28,0
DA:30,0
DA:31,0
DA:32,0
DA:33,0
DA:36,0
DA:37,0
DA:39,0
DA:40,0
DA:41,0
DA:43,0
DA:48,0
DA:49,0
DA:50,0
DA:51,0
DA:61,0
DA:63,0
DA:64,0
DA:65,0
DA:66,0
DA:67,0
DA:68,0
DA:72,0
DA:74,0
DA:75,0
DA:76,0
DA:77,0
DA:78,0
DA:79,0
DA:83,0
DA:85,0
LF:35
LH:0
end_of_record
SF:lib/service/user_playlist_service.dart
DA:35,0
DA:43,0
DA:44,0
DA:45,0
DA:46,0
DA:49,0
DA:52,0
DA:53,0
DA:54,0
DA:58,0
DA:59,0
DA:62,0
DA:65,0
DA:66,0
DA:67,0
DA:70,0
DA:71,0
DA:73,0
DA:74,0
DA:75,0
DA:82,0
DA:85,0
DA:86,0
DA:87,0
DA:89,0
DA:91,0
DA:94,0
DA:95,0
DA:97,0
DA:101,0
DA:102,0
DA:103,0
DA:104,0
DA:105,0
DA:108,0
DA:109,0
DA:110,0
DA:111,0
DA:112,0
DA:113,0
DA:118,0
DA:123,0
DA:124,0
DA:128,0
DA:130,0
DA:134,0
DA:136,0
DA:138,0
DA:139,0
DA:140,0
DA:141,0
DA:144,0
DA:145,0
DA:147,0
DA:148,0
DA:149,0
DA:152,0
DA:153,0
DA:154,0
DA:155,0
DA:156,0
DA:157,0
DA:158,0
DA:161,0
DA:163,0
DA:164,0
DA:168,0
DA:171,0
DA:172,0
DA:173,0
DA:174,0
DA:177,0
DA:178,0
DA:180,0
DA:181,0
DA:182,0
DA:185,0
DA:186,0
DA:187,0
DA:188,0
DA:189,0
DA:190,0
DA:191,0
DA:194,0
DA:196,0
DA:197,0
DA:201,0
DA:204,0
DA:205,0
DA:206,0
DA:209,0
DA:210,0
DA:212,0
DA:213,0
DA:219,0
DA:222,0
DA:223,0
DA:224,0
DA:225,0
DA:228,0
DA:233,0
DA:239,0
DA:241,0
DA:242,0
DA:243,0
DA:245,0
DA:246,0
DA:249,0
DA:254,0
DA:255,0
DA:256,0
DA:260,0
DA:261,0
DA:262,0
DA:265,0
DA:266,0
DA:267,0
DA:268,0
DA:269,0
DA:272,0
DA:274,0
DA:275,0
LF:122
LH:0
end_of_record
SF:lib/service/versions_service.dart
DA:37,0
DA:38,0
DA:39,0
DA:61,0
DA:73,0
DA:75,0
DA:76,0
DA:79,0
DA:85,0
DA:88,0
DA:89,0
DA:92,0
DA:97,0
DA:99,0
DA:100,0
DA:101,0
DA:102,0
DA:104,0
DA:112,0
DA:116,0
DA:118,0
DA:123,0
DA:131,0
DA:138,0
DA:142,0
DA:143,0
DA:144,0
DA:145,0
DA:147,0
DA:148,0
DA:149,0
DA:150,0
DA:153,0
DA:155,0
DA:160,0
DA:162,0
DA:163,0
DA:166,0
DA:169,0
DA:170,0
DA:173,0
DA:174,0
DA:175,0
DA:177,0
DA:184,0
DA:185,0
DA:186,0
DA:187,0
DA:188,0
DA:189,0
DA:194,0
DA:199,0
DA:205,0
DA:210,0
DA:215,0
DA:219,0
DA:220,0
DA:221,0
DA:223,0
DA:224,0
DA:227,0
DA:231,0
DA:234,0
DA:236,0
DA:237,0
DA:238,0
DA:244,0
DA:245,0
DA:250,0
DA:252,0
DA:255,0
DA:256,0
DA:257,0
DA:259,0
DA:260,0
DA:263,0
DA:264,0
DA:267,0
DA:271,0
DA:274,0
DA:275,0
DA:278,0
DA:279,0
DA:290,0
DA:291,0
DA:296,0
DA:297,0
DA:299,0
DA:300,0
DA:302,0
DA:303,0
DA:304,0
DA:306,0
DA:307,0
DA:308,0
DA:309,0
DA:310,0
DA:311,0
DA:312,0
DA:314,0
DA:327,0
DA:329,0
DA:330,0
DA:336,0
DA:342,0
DA:345,0
DA:346,0
DA:348,0
LF:108
LH:0
end_of_record
SF:lib/util/au_file_service.dart
DA:24,0
DA:40,0
DA:42,0
DA:43,0
DA:44,0
DA:46,0
DA:51,0
DA:55,0
DA:58,0
DA:63,0
DA:65,0
DA:67,0
DA:68,0
DA:70,0
DA:73,0
DA:74,0
DA:76,0
DA:79,0
DA:80,0
DA:84,0
DA:86,0
DA:88,0
DA:95,0
DA:96,0
DA:97,0
DA:98,0
DA:99,0
DA:100,0
DA:101,0
DA:104,0
DA:105,0
DA:106,0
DA:107,0
DA:108,0
DA:109,0
DA:111,0
DA:112,0
DA:113,0
DA:114,0
DA:121,0
DA:126,0
DA:128,0
DA:129,0
DA:130,0
DA:131,0
DA:132,0
DA:133,0
DA:134,0
DA:135,0
DA:136,0
DA:137,0
DA:138,0
DA:143,0
DA:144,0
DA:145,0
DA:150,0
DA:152,0
DA:153,0
DA:154,0
DA:160,0
DA:161,0
DA:163,0
DA:168,0
DA:169,0
DA:170,0
DA:171,0
DA:174,0
DA:175,0
DA:176,0
DA:177,0
DA:182,0
DA:183,0
DA:184,0
DA:185,0
DA:186,0
DA:187,0
DA:188,0
DA:189,0
DA:190,0
DA:191,0
DA:192,0
DA:197,0
DA:203,0
DA:205,0
DA:207,0
DA:208,0
DA:209,0
DA:210,0
DA:214,0
DA:215,0
DA:216,0
DA:219,0
DA:220,0
DA:222,0
DA:223,0
DA:230,0
DA:231,0
DA:233,0
DA:234,0
DA:237,0
DA:238,0
DA:240,0
LF:102
LH:0
end_of_record
SF:lib/util/dio_interceptors.dart
DA:31,0
DA:33,0
DA:34,0
DA:35,0
DA:36,0
DA:37,0
DA:42,0
DA:44,0
DA:45,0
DA:46,0
DA:47,0
DA:48,0
DA:51,0
DA:56,0
DA:57,0
DA:60,0
DA:62,0
DA:63,0
DA:67,0
DA:69,0
DA:70,0
DA:71,0
DA:74,0
DA:75,0
DA:79,0
DA:81,0
DA:83,0
DA:84,0
DA:87,0
DA:89,0
DA:90,0
DA:91,0
DA:95,0
DA:96,0
DA:97,0
DA:98,0
DA:101,0
DA:102,0
DA:103,0
DA:108,0
DA:109,0
DA:110,0
DA:115,0
DA:117,0
DA:122,0
DA:127,0
DA:128,0
DA:129,0
DA:130,0
DA:132,0
DA:133,0
DA:134,0
DA:141,0
DA:144,0
DA:146,0
DA:147,0
DA:148,0
DA:152,0
DA:153,0
DA:154,0
DA:155,0
DA:156,0
DA:158,0
DA:162,0
DA:167,0
DA:169,0
DA:174,0
DA:175,0
DA:176,0
DA:178,0
DA:179,0
DA:180,0
DA:183,0
DA:185,0
DA:190,0
DA:194,0
DA:199,0
DA:204,0
DA:206,0
DA:207,0
DA:209,0
DA:210,0
DA:211,0
DA:212,0
DA:214,0
DA:217,0
DA:219,0
DA:220,0
DA:225,0
DA:230,0
DA:232,0
DA:233,0
DA:235,0
DA:240,0
DA:242,0
DA:243,0
DA:245,0
DA:246,0
DA:247,0
DA:248,0
DA:250,0
DA:252,0
DA:253,0
DA:254,0
DA:255,0
DA:257,0
DA:262,0
DA:266,0
DA:267,0
DA:268,0
DA:269,0
DA:273,0
DA:274,0
DA:277,0
DA:283,0
DA:287,0
DA:289,0
DA:291,0
DA:293,0
DA:296,0
DA:298,0
DA:299,0
DA:300,0
DA:301,0
DA:303,0
DA:306,0
DA:307,0
DA:310,0
DA:311,0
DA:312,0
DA:313,0
DA:314,0
DA:315,0
DA:317,0
DA:322,0
DA:324,0
DA:325,0
DA:326,0
DA:327,0
DA:329,0
DA:330,0
DA:333,0
DA:334,0
DA:335,0
DA:338,0
DA:343,0
DA:347,0
DA:349,0
DA:350,0
DA:353,0
DA:357,0
DA:358,0
DA:359,0
DA:360,0
DA:364,0
DA:365,0
DA:366,0
DA:367,0
DA:368,0
DA:374,0
DA:380,0
DA:384,0
DA:386,0
DA:387,0
DA:390,0
DA:392,0
DA:393,0
DA:395,0
DA:401,0
DA:403,0
DA:405,0
DA:406,0
DA:407,0
DA:410,0
DA:413,0
DA:415,0
DA:416,0
DA:418,0
DA:421,0
DA:423,0
DA:424,0
DA:429,0
DA:431,0
DA:432,0
DA:433,0
DA:435,0
DA:438,0
DA:440,0
DA:441,0
LF:189
LH:0
end_of_record
SF:lib/util/dio_manager.dart
DA:30,0
DA:33,0
DA:34,0
DA:35,0
DA:36,0
DA:37,0
DA:38,0
DA:39,0
DA:40,0
DA:48,0
DA:51,0
DA:58,0
DA:59,0
DA:61,0
DA:62,0
DA:70,0
DA:71,0
DA:75,0
DA:76,0
DA:77,0
DA:78,0
DA:84,0
DA:85,0
DA:89,0
DA:90,0
DA:93,0
DA:94,0
DA:95,0
DA:99,0
DA:100,0
DA:101,0
DA:102,0
DA:103,0
DA:104,0
DA:110,0
DA:111,0
DA:112,0
DA:113,0
DA:114,0
DA:120,0
DA:121,0
DA:122,0
DA:123,0
DA:124,0
DA:125,0
DA:126,0
DA:133,0
DA:134,0
DA:135,0
DA:136,0
DA:137,0
DA:138,0
DA:139,0
DA:140,0
DA:147,0
DA:148,0
DA:149,0
DA:150,0
DA:151,0
DA:152,0
DA:158,0
DA:159,0
DA:160,0
DA:161,0
DA:163,0
DA:170,0
DA:171,0
DA:172,0
DA:174,0
DA:181,0
DA:182,0
DA:183,0
DA:185,0
DA:188,0
DA:189,0
DA:191,0
DA:192,0
DA:196,0
DA:199,0
DA:201,0
DA:203,0
DA:205,0
DA:206,0
DA:207,0
DA:210,0
DA:211,0
DA:213,0
DA:214,0
DA:216,0
DA:217,0
DA:218,0
DA:219,0
DA:220,0
DA:223,0
DA:224,0
DA:226,0
DA:227,0
DA:229,0
DA:230,0
DA:233,0
DA:247,0
DA:248,0
DA:250,0
DA:251,0
LF:104
LH:0
end_of_record
SF:lib/util/feed_manager.dart
DA:19,0
DA:20,0
DA:22,0
DA:28,0
DA:29,0
DA:31,0
DA:32,0
DA:35,0
DA:36,0
DA:37,0
DA:39,0
DA:41,0
DA:42,0
DA:43,0
DA:44,0
DA:46,0
DA:50,0
DA:51,0
DA:52,0
DA:53,0
DA:56,0
DA:57,0
DA:60,0
DA:61,0
DA:64,0
DA:65,0
DA:67,0
DA:72,0
DA:73,0
DA:75,0
DA:78,0
DA:81,0
DA:84,0
DA:87,0
DA:89,0
DA:92,0
DA:93,0
DA:95,0
DA:96,0
DA:98,0
DA:99,0
DA:100,0
DA:101,0
DA:102,0
DA:104,0
DA:105,0
DA:107,0
DA:108,0
DA:111,0
DA:112,0
DA:113,0
DA:114,0
DA:115,0
DA:116,0
DA:121,0
DA:122,0
DA:123,0
DA:129,0
DA:130,0
DA:132,0
DA:134,0
DA:136,0
DA:138,0
DA:141,0
DA:143,0
DA:144,0
DA:145,0
DA:146,0
DA:147,0
DA:148,0
DA:150,0
DA:151,0
DA:152,0
DA:153,0
DA:154,0
DA:155,0
DA:157,0
DA:160,0
DA:161,0
DA:164,0
DA:167,0
DA:169,0
DA:171,0
DA:175,0
DA:176,0
DA:177,0
DA:178,0
DA:180,0
DA:183,0
DA:184,0
DA:186,0
DA:187,0
DA:188,0
DA:189,0
DA:190,0
DA:193,0
DA:195,0
DA:198,0
DA:199,0
DA:200,0
DA:202,0
DA:208,0
DA:210,0
DA:212,0
DA:213,0
DA:216,0
DA:217,0
DA:218,0
DA:219,0
DA:220,0
DA:222,0
DA:227,0
DA:228,0
DA:229,0
DA:230,0
DA:231,0
DA:232,0
DA:238,0
DA:239,0
DA:240,0
DA:241,0
DA:242,0
DA:243,0
DA:244,0
DA:250,0
DA:252,0
DA:253,0
DA:255,0
DA:257,0
DA:260,0
DA:261,0
DA:268,0
DA:270,0
DA:271,0
DA:273,0
DA:279,0
DA:285,0
DA:286,0
DA:293,0
DA:294,0
DA:295,0
DA:296,0
DA:297,0
DA:302,0
DA:304,0
DA:309,0
DA:310,0
DA:313,0
DA:316,0
DA:318,0
DA:319,0
DA:320,0
DA:325,0
DA:328,0
DA:329,0
DA:332,0
DA:333,0
DA:336,0
DA:341,0
DA:344,0
DA:346,0
DA:349,0
DA:352,0
DA:353,0
DA:355,0
DA:357,0
DA:362,0
DA:371,0
DA:372,0
DA:373,0
DA:374,0
DA:377,0
DA:378,0
DA:379,0
DA:383,0
DA:384,0
DA:385,0
DA:388,0
DA:389,0
DA:390,0
DA:391,0
DA:396,0
DA:397,0
DA:398,0
DA:399,0
DA:402,0
DA:403,0
DA:404,0
DA:408,0
DA:409,0
DA:410,0
DA:415,0
DA:417,0
DA:419,0
DA:420,0
DA:421,0
DA:422,0
DA:423,0
DA:424,0
LF:199
LH:0
end_of_record
SF:lib/design/build/components/BackButton.dart
DA:13,0
LF:1
LH:0
end_of_record
SF:lib/design/build/components/CommandDot.dart
DA:13,0
LF:1
LH:0
end_of_record
SF:lib/design/build/components/DisplayItem.dart
DA:13,0
LF:1
LH:0
end_of_record
SF:lib/design/build/components/Header.dart
DA:13,0
LF:1
LH:0
end_of_record
SF:lib/design/build/components/LLMTextInput.dart
DA:10,0
LF:1
LH:0
end_of_record
SF:lib/design/build/components/NoticeBanner.dart
DA:13,0
LF:1
LH:0
end_of_record
SF:lib/design/build/components/NowPlayingBar.dart
DA:13,0
LF:1
LH:0
end_of_record
SF:lib/design/build/components/PlayButton.dart
DA:13,0
LF:1
LH:0
end_of_record
SF:lib/design/build/components/SendButton.dart
DA:10,0
LF:1
LH:0
end_of_record
SF:lib/design/build/primitives.dart
DA:13,0
LF:1
LH:0
end_of_record
SF:lib/design/build/typography.dart
DA:13,0
LF:1
LH:0
end_of_record
SF:lib/model/customer_support.dart
DA:47,0
DA:63,0
DA:65,0
DA:67,0
DA:68,0
DA:69,0
DA:72,0
DA:73,0
DA:75,0
DA:76,0
DA:78,0
DA:93,0
DA:94,0
DA:95,0
DA:96,0
DA:97,0
DA:98,0
DA:99,0
DA:100,0
DA:101,0
DA:102,0
DA:103,0
DA:105,0
DA:106,0
DA:107,0
DA:110,0
DA:111,0
DA:124,0
DA:131,0
DA:132,0
DA:134,0
DA:144,0
DA:150,0
DA:151,0
DA:153,0
DA:158,0
DA:159,0
DA:160,0
DA:161,0
DA:163,0
DA:166,0
DA:168,0
DA:182,0
DA:191,0
DA:192,0
DA:195,0
DA:196,0
DA:197,0
DA:200,0
DA:201,0
DA:203,0
DA:211,0
DA:216,0
DA:217,0
DA:219,0
DA:228,0
DA:233,0
DA:234,0
DA:236,0
LF:59
LH:0
end_of_record
SF:lib/model/customer_support.g.dart
DA:9,0
DA:10,0
DA:11,0
DA:12,0
DA:13,0
DA:14,0
DA:15,0
DA:16,0
DA:17,0
DA:19,0
DA:20,0
DA:22,0
DA:23,0
DA:24,0
DA:25,0
DA:28,0
DA:29,0
DA:30,0
DA:31,0
DA:32,0
DA:33,0
DA:34,0
DA:35,0
DA:36,0
DA:37,0
DA:38,0
DA:39,0
DA:40,0
DA:43,0
DA:44,0
DA:45,0
DA:46,0
DA:49,0
DA:50,0
DA:51,0
DA:52,0
DA:55,0
DA:56,0
DA:57,0
DA:58,0
DA:59,0
DA:62,0
DA:63,0
DA:64,0
DA:65,0
DA:66,0
DA:69,0
DA:70,0
DA:71,0
DA:72,0
DA:73,0
DA:74,0
DA:75,0
DA:76,0
DA:77,0
DA:80,0
DA:81,0
DA:82,0
DA:83,0
DA:84,0
DA:85,0
DA:86,0
DA:89,0
DA:90,0
DA:91,0
DA:92,0
DA:93,0
DA:96,0
DA:97,0
DA:98,0
DA:99,0
DA:102,0
DA:104,0
DA:105,0
DA:106,0
DA:109,0
DA:111,0
DA:112,0
DA:113,0
LF:79
LH:0
end_of_record
SF:lib/screen/mobile_controller/models/channel.dart
DA:2,0
DA:13,0
DA:14,0
DA:15,0
DA:16,0
DA:17,0
DA:18,0
DA:19,0
DA:21,0
DA:22,0
DA:23,0
DA:36,0
DA:37,0
DA:38,0
DA:39,0
DA:40,0
DA:41,0
DA:42,0
DA:43,0
DA:44,0
DA:45,0
DA:53,0
DA:55,0
DA:57,0
DA:59,0
DA:61,0
DA:62,0
DA:63,0
LF:28
LH:0
end_of_record
SF:lib/screen/mobile_controller/models/dp1_api_response.dart
DA:6,0
DA:12,0
DA:13,0
DA:14,0
DA:15,0
DA:16,0
DA:17,0
DA:18,0
DA:24,0
DA:25,0
DA:26,0
DA:27,0
DA:32,0
DA:38,0
DA:39,0
DA:40,0
DA:41,0
DA:42,0
DA:43,0
DA:44,0
DA:53,0
DA:55,0
DA:56,0
DA:57,0
DA:58,0
DA:59,0
DA:60,0
DA:61,0
LF:28
LH:0
end_of_record
SF:lib/model/dailies.dart
DA:4,0
DA:13,0
DA:14,0
DA:15,0
DA:16,0
DA:17,0
DA:18,0
DA:19,0
DA:20,0
DA:30,0
DA:31,0
DA:32,0
DA:33,0
DA:34,0
DA:35,0
DA:36,0
DA:41,0
DA:42,0
DA:43,0
DA:46,0
DA:50,0
DA:55,0
DA:56,0
DA:59,0
DA:60,0
DA:62,0
DA:63,0
DA:64,0
DA:65,0
DA:68,0
DA:72,0
DA:73,0
DA:75,0
DA:77,0
LF:34
LH:0
end_of_record
SF:lib/model/explore_statistics_data.dart
DA:9,0
DA:16,0
DA:17,0
DA:18,0
DA:19,0
DA:20,0
DA:21,0
[...]
DA:199,0
DA:200,0
DA:202,0
DA:203,0
DA:204,0
DA:207,0
DA:209,0
DA:212,0
DA:214,0
DA:219,0
DA:224,0
DA:225,0
DA:226,0
DA:228,0
DA:229,0
DA:230,0
DA:231,0
DA:232,0
DA:233,0
DA:234,0
DA:235,0
DA:238,0
DA:239,0
DA:240,0
DA:246,0
DA:247,0
DA:248,0
DA:249,0
DA:250,0
DA:251,0
DA:254,0
DA:255,0
DA:256,0
DA:257,0
LF:108
LH:0
end_of_record
SF:lib/view/recovery_phrase_warning.dart
DA:13,1
DA:15,0
DA:17,0
DA:18,0
DA:19,0
DA:20,0
DA:24,0
DA:28,0
DA:30,0
DA:34,0
DA:35,0
DA:37,0
DA:39,0
DA:40,0
DA:42,0
DA:45,0
DA:48,0
DA:49,0
DA:50,0
DA:51,0
DA:54,0
DA:55,0
DA:56,0
DA:57,0
DA:58,0
DA:59,0
DA:61,0
DA:62,0
DA:63,0
DA:64,0
DA:65,0
DA:76,0
DA:77,0
DA:79,0
DA:80,0
LF:35
LH:1
end_of_record
SF:lib/util/wallet_storage_ext.dart
DA:14,0
DA:15,0
DA:20,0
LF:3
LH:0
end_of_record
SF:lib/service/base_dp1_feed_service.dart
DA:7,0
DA:11,0
LF:2
LH:0
end_of_record
SF:lib/util/feed_cache.dart
DA:23,0
DA:78,0
DA:82,0
DA:87,0
DA:100,0
DA:107,0
DA:108,0
DA:109,0
DA:110,0
DA:113,0
DA:116,0
DA:117,0
DA:118,0
DA:121,0
DA:126,0
DA:129,0
DA:130,0
DA:131,0
DA:134,0
DA:137,0
DA:139,0
DA:144,0
DA:145,0
DA:148,0
DA:153,0
DA:156,0
DA:158,0
DA:160,0
DA:175,0
DA:176,0
DA:179,0
DA:181,0
DA:182,0
DA:183,0
DA:187,0
DA:189,0
DA:199,0
DA:200,0
DA:202,0
DA:203,0
DA:205,0
DA:207,0
DA:208,0
DA:220,0
DA:221,0
DA:224,0
DA:228,0
DA:230,0
DA:231,0
DA:233,0
DA:236,0
DA:238,0
DA:240,0
DA:241,0
DA:242,0
DA:244,0
DA:248,0
DA:249,0
DA:251,0
DA:255,0
DA:257,0
DA:258,0
DA:260,0
DA:263,0
DA:265,0
DA:266,0
DA:270,0
DA:272,0
DA:273,0
DA:274,0
DA:277,0
DA:279,0
DA:280,0
DA:281,0
DA:284,0
DA:286,0
DA:287,0
DA:288,0
DA:291,0
DA:292,0
DA:293,0
LF:81
LH:0
end_of_record
SF:lib/util/bluetooth_manager.dart
DA:12,0
DA:14,0
DA:16,0
DA:17,0
DA:20,0
DA:22,0
LF:6
LH:0
end_of_record
SF:lib/util/byte_builder_ext.dart
DA:4,0
DA:5,0
DA:6,0
DA:7,0
DA:9,0
LF:5
LH:0
end_of_record
SF:lib/util/exception_ext.dart
DA:8,0
DA:9,0
DA:11,0
DA:12,0
DA:13,0
DA:16,0
DA:23,0
DA:24,0
DA:26,0
DA:27,0
LF:10
LH:0
end_of_record
SF:lib/util/timezone.dart
DA:4,0
DA:5,0
LF:2
LH:0
end_of_record
SF:lib/service/tv_cast_service.dart
DA:84,1
DA:92,1
DA:93,2
DA:95,0
DA:101,0
DA:102,0
DA:107,0
DA:109,0
DA:114,1
DA:117,2
DA:118,1
DA:120,3
DA:125,0
DA:127,0
DA:128,0
DA:131,1
DA:135,1
DA:136,2
DA:140,1
DA:143,1
DA:145,2
DA:146,1
DA:149,1
DA:151,2
DA:152,1
DA:155,1
DA:157,2
DA:158,1
DA:161,1
DA:165,2
DA:166,1
DA:169,1
DA:171,2
DA:172,1
DA:175,1
DA:179,2
DA:180,1
DA:183,1
DA:185,2
DA:186,1
DA:189,1
DA:191,2
DA:192,1
DA:195,0
DA:199,0
DA:200,0
DA:205,0
DA:208,1
DA:212,2
DA:213,1
DA:216,1
DA:220,2
DA:221,1
DA:224,1
DA:228,1
DA:229,1
DA:232,1
DA:235,1
DA:237,2
DA:238,1
DA:241,1
DA:243,2
DA:244,1
DA:247,1
DA:251,2
DA:252,1
DA:255,1
DA:258,2
DA:260,0
DA:265,1
DA:268,2
DA:270,3
DA:275,1
DA:280,2
DA:281,1
DA:283,0
DA:290,1
DA:295,0
DA:296,0
DA:297,0
DA:298,0
DA:299,0
DA:300,0
DA:301,0
DA:303,0
DA:308,0
DA:309,0
DA:311,0
DA:312,0
DA:313,0
DA:320,1
DA:327,2
DA:328,2
DA:331,1
DA:333,0
DA:334,0
DA:336,1
DA:337,0
DA:338,0
DA:342,2
DA:344,2
DA:346,0
DA:352,1
DA:356,3
DA:357,1
LF:105
LH:73
end_of_record
SF:lib/service/canvas_notification_service.dart
DA:18,0
DA:20,0
DA:21,0
DA:22,0
DA:23,0
DA:28,1
DA:29,1
DA:30,0
DA:32,0
DA:34,0
DA:38,1
DA:43,0
DA:44,0
DA:62,1
DA:63,2
DA:65,1
DA:66,1
DA:69,2
DA:71,0
DA:74,1
DA:75,1
DA:77,3
DA:79,0
DA:81,0
DA:83,0
DA:84,0
DA:85,0
DA:86,0
DA:87,0
DA:89,0
DA:91,0
DA:92,0
DA:93,0
DA:95,0
DA:97,0
DA:100,0
DA:102,0
DA:103,0
DA:104,0
DA:105,0
DA:107,0
DA:109,2
DA:110,1
DA:115,0
DA:117,0
DA:118,0
DA:119,0
DA:120,0
DA:121,0
DA:123,0
DA:127,0
DA:128,0
DA:129,0
DA:130,0
DA:133,0
DA:134,0
DA:135,0
DA:136,0
DA:139,0
DA:140,0
DA:141,0
DA:142,0
DA:146,1
DA:147,1
DA:148,1
DA:151,1
DA:152,1
DA:153,2
DA:154,3
DA:155,2
DA:156,0
DA:157,0
DA:158,0
DA:159,0
DA:164,0
DA:170,0
DA:171,0
DA:172,0
DA:173,0
DA:174,0
DA:175,0
DA:176,0
DA:177,0
DA:178,0
DA:181,2
DA:183,0
LF:86
LH:22
end_of_record
SF:lib/util/list_extension.dart
DA:2,0
DA:4,0
DA:5,0
LF:3
LH:0
end_of_record
SF:lib/util/dio_exception_ext.dart
DA:5,0
DA:7,0
DA:8,0
DA:9,0
DA:14,0
DA:16,0
DA:18,0
DA:19,0
DA:20,0
DA:21,0
DA:42,0
DA:43,0
DA:46,0
DA:47,0
DA:50,0
DA:51,0
DA:54,0
DA:55,0
LF:18
LH:0
end_of_record
SF:lib/service/dp1_store.dart
DA:8,0
DA:9,0
DA:11,0
DA:16,0
DA:18,0
DA:27,0
DA:28,0
DA:33,0
DA:35,0
DA:44,0
DA:45,0
DA:51,0
DA:53,0
LF:13
LH:0
end_of_record
SF:lib/util/crawl_helper.dart
DA:5,0
DA:6,0
DA:7,0
DA:8,0
DA:9,0
DA:12,0
DA:13,0
DA:14,0
DA:15,0
DA:16,0
LF:10
LH:0
end_of_record
SF:lib/util/timer_metric.dart
DA:3,0
DA:4,0
DA:5,0
DA:6,0
DA:7,0
DA:8,0
LF:6
LH:0
end_of_record
SF:lib/util/file_ext.dart
DA:5,0
DA:6,0
LF:2
LH:0
end_of_record
SF:lib/util/gesture_constrain_widget.dart
DA:4,0
DA:11,0
DA:13,0
DA:18,0
LF:4
LH:0
end_of_record
SF:lib/view/how_to_install_daily_widget_build.dart
DA:7,1
DA:9,0
DA:11,0
DA:12,0
DA:13,0
DA:14,0
DA:16,0
DA:17,0
DA:19,0
DA:20,0
DA:21,0
DA:22,0
DA:23,0
DA:26,0
DA:27,0
DA:28,0
DA:30,0
DA:40,0
DA:42,0
DA:44,0
DA:46,0
DA:52,0
DA:53,0
DA:54,0
DA:55,0
DA:57,0
DA:58,0
DA:60,0
DA:61,0
DA:62,0
DA:63,0
DA:72,0
DA:74,0
DA:75,0
DA:76,0
DA:77,0
DA:83,0
DA:85,0
DA:86,0
DA:87,0
DA:88,0
DA:96,0
DA:98,0
DA:99,0
DA:100,0
LF:45
LH:1
end_of_record
SF:lib/view/now_displaying/now_display_setting.dart
DA:21,1
DA:23,0
DA:25,0
DA:33,0
DA:35,0
DA:36,0
DA:38,0
DA:39,0
DA:40,0
DA:44,0
DA:46,0
DA:47,0
DA:49,0
DA:52,0
DA:54,0
DA:56,0
DA:57,0
DA:58,0
DA:59,0
DA:60,0
DA:65,0
DA:66,0
DA:68,0
DA:69,0
DA:70,0
DA:73,0
DA:74,0
DA:78,0
DA:79,0
DA:86,0
DA:87,0
DA:88,0
DA:92,0
DA:93,0
DA:96,0
DA:97,0
DA:102,0
DA:103,0
DA:104,0
DA:105,0
DA:106,0
DA:110,0
DA:111,0
DA:116,0
DA:117,0
DA:118,0
DA:120,0
DA:123,0
DA:124,0
DA:125,0
DA:132,0
DA:133,0
DA:135,0
DA:136,0
DA:141,0
DA:142,0
DA:147,0
DA:149,0
DA:152,0
DA:153,0
DA:154,0
DA:155,0
DA:156,0
DA:158,0
DA:159,0
DA:160,0
DA:161,0
DA:162,0
DA:163,0
DA:164,0
DA:168,0
DA:169,0
DA:171,0
DA:172,0
DA:176,0
DA:177,0
DA:178,0
DA:179,0
DA:181,0
DA:187,0
DA:203,0
DA:213,0
DA:214,0
DA:222,0
DA:224,0
DA:225,0
DA:226,0
DA:229,0
DA:230,0
DA:231,0
DA:235,0
DA:237,0
DA:238,0
DA:240,0
DA:243,0
DA:245,0
DA:247,0
DA:248,0
DA:249,0
DA:250,0
DA:251,0
DA:256,0
DA:257,0
DA:258,0
DA:259,0
DA:261,0
DA:262,0
DA:263,0
DA:267,0
DA:271,0
DA:272,0
DA:276,0
DA:277,0
DA:284,0
DA:285,0
DA:286,0
DA:290,0
DA:291,0
DA:294,0
DA:295,0
DA:300,0
DA:301,0
DA:302,0
DA:303,0
DA:304,0
DA:308,0
DA:309,0
DA:314,0
DA:315,0
DA:316,0
DA:317,0
DA:318,0
DA:319,0
DA:323,0
DA:324,0
DA:326,0
DA:329,0
DA:330,0
DA:331,0
DA:333,0
DA:334,0
DA:335,0
DA:336,0
DA:345,0
DA:346,0
DA:347,0
DA:348,0
DA:350,0
DA:353,0
DA:354,0
DA:355,0
DA:362,0
DA:363,0
DA:365,0
DA:366,0
DA:371,0
DA:372,0
DA:373,0
DA:374,0
DA:376,0
DA:378,0
DA:381,0
DA:382,0
DA:383,0
DA:387,0
DA:394,0
DA:396,0
DA:397,0
DA:398,0
DA:399,0
DA:400,0
DA:406,0
DA:407,0
DA:408,0
DA:413,0
DA:414,0
DA:415,0
DA:416,0
DA:417,0
DA:419,0
DA:421,0
DA:428,0
DA:430,0
DA:433,0
DA:435,0
DA:436,0
DA:437,0
DA:438,0
DA:439,0
DA:441,0
DA:442,0
DA:443,0
DA:444,0
DA:445,0
DA:446,0
DA:447,0
DA:451,0
DA:452,0
DA:454,0
DA:455,0
DA:458,0
DA:459,0
DA:460,0
DA:463,0
DA:464,0
DA:465,0
DA:466,0
DA:468,0
DA:474,0
DA:475,0
DA:476,0
LF:211
LH:1
end_of_record
SF:lib/view/stream_device_view.dart
DA:18,0
DA:27,0
DA:28,0
DA:34,0
DA:36,0
DA:37,0
DA:40,0
DA:42,0
DA:43,0
DA:44,0
DA:45,0
DA:46,0
DA:47,0
DA:49,0
DA:51,0
DA:53,0
DA:54,0
DA:55,0
DA:58,0
DA:59,0
DA:60,0
DA:61,0
DA:63,0
DA:64,0
DA:65,0
DA:66,0
DA:67,0
DA:68,0
DA:69,0
DA:71,0
DA:72,0
DA:80,0
DA:81,0
DA:82,0
DA:85,0
DA:86,0
DA:87,0
DA:89,0
DA:98,0
DA:100,0
DA:104,0
DA:105,0
DA:106,0
DA:107,0
DA:108,0
DA:112,0
DA:115,0
DA:116,0
DA:117,0
DA:122,0
DA:123,0
DA:124,0
DA:125,0
DA:126,0
DA:130,0
DA:131,0
DA:133,0
DA:135,0
DA:136,0
DA:138,0
DA:139,0
DA:140,0
DA:141,0
DA:145,0
DA:146,0
DA:153,0
DA:156,0
DA:164,0
DA:169,0
DA:170,0
DA:171,0
DA:172,0
DA:173,0
DA:174,0
DA:175,0
DA:176,0
DA:177,0
DA:179,0
DA:191,0
DA:201,0
DA:202,0
DA:203,0
DA:205,0
DA:209,0
DA:210,0
LF:85
LH:0
end_of_record
SF:lib/util/text_style_ext.dart
DA:8,0
DA:9,0
DA:15,0
DA:16,0
DA:17,0
DA:19,0
DA:20,0
DA:22,0
DA:24,0
DA:25,0
DA:27,0
DA:29,0
DA:30,0
DA:32,0
LF:14
LH:0
end_of_record
SF:lib/util/alias_helper.dart
DA:10,0
DA:11,0
DA:13,0
DA:14,0
DA:16,0
DA:17,0
DA:21,0
DA:22,0
DA:26,0
DA:27,0
DA:28,0
DA:29,0
DA:36,0
DA:37,0
DA:39,0
DA:40,0
DA:42,0
DA:43,0
DA:44,0
DA:45,0
LF:20
LH:0
end_of_record
SF:lib/util/mime_type.dart
DA:10,0
DA:17,0
DA:20,0
DA:21,0
DA:22,0
DA:23,0
DA:24,0
DA:25,0
DA:27,0
DA:28,0
LF:10
LH:0
end_of_record
SF:lib/util/custom_exception.dart
DA:11,0
LF:1
LH:0
end_of_record
SF:lib/util/debouce_util.dart
DA:3,0
DA:5,0
DA:7,0
DA:8,0
DA:11,0
DA:13,0
DA:14,0
DA:15,0
DA:19,0
DA:21,0
DA:22,0
DA:24,0
DA:28,0
LF:13
LH:0
end_of_record
SF:lib/util/isolated_util.dart
DA:16,0
DA:17,0
DA:20,0
DA:22,0
DA:30,0
DA:38,0
DA:39,0
DA:41,0
DA:42,0
DA:43,0
DA:45,0
DA:49,0
DA:50,0
DA:51,0
DA:52,0
DA:54,0
DA:55,0
DA:59,0
DA:60,0
DA:62,0
DA:63,0
DA:64,0
DA:66,0
DA:67,0
DA:70,0
DA:71,0
DA:73,0
DA:74,0
DA:75,0
DA:77,0
DA:78,0
DA:81,0
DA:82,0
DA:84,0
DA:85,0
DA:86,0
DA:88,0
DA:89,0
DA:92,0
DA:93,0
DA:95,0
DA:99,0
DA:100,0
DA:101,0
DA:102,0
DA:108,0
DA:109,0
DA:110,0
DA:111,0
DA:112,0
DA:113,0
DA:117,0
DA:118,0
DA:119,0
DA:120,0
DA:121,0
DA:122,0
DA:123,0
DA:124,0
DA:125,0
DA:126,0
DA:127,0
DA:132,0
DA:133,0
DA:134,0
DA:137,0
DA:138,0
DA:139,0
DA:140,0
DA:144,0
DA:146,0
DA:149,0
DA:150,0
DA:151,0
DA:154,0
DA:155,0
DA:156,0
DA:157,0
DA:158,0
DA:159,0
DA:166,0
DA:173,0
LF:82
LH:0
end_of_record
SF:lib/util/eth_amount_formatter.dart
DA:12,0
DA:16,0
DA:22,0
DA:24,0
DA:25,0
LF:5
LH:0
end_of_record
SF:lib/util/ether_amount_ext.dart
DA:5,0
DA:6,0
DA:7,0
DA:10,0
DA:11,0
DA:12,0
DA:13,0
DA:16,0
LF:8
LH:0
end_of_record
SF:lib/util/http_helper.dart
DA:11,0
DA:18,0
DA:19,0
DA:21,0
DA:23,0
DA:24,0
DA:26,0
DA:27,0
DA:30,0
DA:31,0
DA:32,0
DA:33,0
DA:34,0
DA:40,0
DA:47,0
DA:48,0
DA:49,0
DA:50,0
DA:52,0
DA:55,0
DA:58,0
DA:63,0
DA:69,0
DA:70,0
DA:71,0
DA:72,0
DA:74,0
DA:77,0
DA:84,0
DA:86,0
DA:90,0
DA:92,0
LF:32
LH:0
end_of_record
SF:lib/util/notifications/notification_handler.dart
DA:13,0
DA:15,0
DA:20,0
DA:24,0
DA:25,0
DA:26,0
DA:27,0
DA:28,0
DA:31,0
DA:33,0
DA:36,0
DA:38,0
LF:12
LH:0
end_of_record
SF:lib/util/image_ext.dart
DA:8,0
DA:22,0
DA:25,0
DA:26,0
DA:27,0
DA:29,0
DA:32,0
DA:41,0
LF:8
LH:0
end_of_record
SF:lib/view/feralfile_cache_network_image.dart
DA:9,0
DA:43,0
DA:46,0
DA:54,0
DA:59,0
DA:60,0
DA:62,0
DA:64,0
DA:65,0
DA:67,0
DA:69,0
DA:70,0
DA:72,0
DA:74,0
DA:75,0
DA:77,0
DA:79,0
DA:82,0
DA:84,0
DA:91,0
DA:94,0
DA:95,0
DA:96,0
DA:99,0
DA:100,0
DA:101,0
DA:102,0
DA:103,0
DA:104,0
DA:105,0
DA:106,0
DA:107,0
DA:108,0
DA:109,0
DA:110,0
DA:111,0
DA:112,0
DA:113,0
DA:114,0
DA:115,0
DA:116,0
DA:120,0
DA:121,0
DA:124,0
DA:125,0
DA:128,0
DA:135,0
DA:136,0
DA:138,0
DA:140,0
DA:141,0
DA:145,0
DA:150,0
LF:53
LH:0
end_of_record
SF:lib/view/image_background.dart
DA:8,1
DA:11,0
DA:13,0
LF:3
LH:1
end_of_record
SF:lib/util/notifications/notification_type.dart
DA:30,0
DA:33,0
DA:35,0
DA:37,0
DA:39,0
DA:41,0
DA:43,0
DA:45,0
DA:47,0
DA:49,0
DA:51,0
DA:53,0
DA:55,0
DA:57,0
DA:59,0
DA:61,0
DA:63,0
DA:65,0
DA:67,0
DA:73,0
DA:75,0
DA:77,0
DA:79,0
DA:81,0
DA:83,0
DA:85,0
DA:87,0
DA:89,0
DA:91,0
DA:93,0
DA:95,0
DA:97,0
DA:99,0
DA:101,0
DA:103,0
DA:105,0
DA:107,0
LF:37
LH:0
end_of_record
SF:lib/util/indexer_collection_ext.dart
DA:6,0
DA:7,0
DA:8,0
LF:3
LH:0
end_of_record
SF:lib/util/range_input_formatter.dart
DA:7,0
DA:12,0
DA:15,0
DA:16,0
DA:17,0
DA:19,0
DA:20,0
LF:7
LH:0
end_of_record
SF:lib/view/au_button_clipper.dart
DA:13,0
DA:15,0
DA:17,0
DA:19,0
DA:20,0
DA:21,0
DA:22,0
DA:23,0
DA:24,0
DA:25,0
DA:26,0
DA:31,0
LF:12
LH:0
end_of_record
SF:lib/view/expandable_sticky_headers.dart
DA:15,0
DA:25,0
DA:27,0
DA:32,0
DA:34,0
DA:37,0
DA:39,0
DA:41,0
DA:44,0
DA:45,0
DA:46,0
DA:47,0
DA:49,0
DA:50,0
DA:51,0
DA:52,0
DA:54,0
DA:56,0
DA:58,0
DA:59,0
DA:62,0
DA:64,0
DA:70,0
DA:71,0
DA:74,0
DA:75,0
DA:76,0
DA:77,0
DA:79,0
DA:83,0
DA:88,0
DA:89,0
DA:90,0
DA:92,0
DA:93,0
DA:94,0
DA:95,0
LF:37
LH:0
end_of_record
SF:lib/view/passkey/passkey_login_view.dart
DA:17,0
DA:19,0
DA:20,0
DA:26,0
DA:27,0
DA:28,0
DA:29,0
DA:31,0
DA:32,0
DA:34,0
DA:38,0
DA:40,0
DA:46,0
DA:47,0
DA:48,0
DA:51,0
DA:52,0
DA:53,0
DA:54,0
DA:55,0
DA:60,0
DA:64,0
DA:67,0
DA:68,0
DA:71,0
DA:72,0
DA:75,0
DA:76,0
DA:79,0
DA:80,0
DA:81,0
DA:84,0
DA:85,0
DA:87,0
DA:88,0
LF:35
LH:0
end_of_record
SF:lib/view/passkey/passkey_register_view.dart
DA:25,1
DA:27,0
DA:28,0
DA:40,0
DA:41,0
DA:42,0
DA:43,0
DA:45,0
DA:46,0
DA:48,0
DA:52,0
DA:54,0
DA:55,0
DA:59,0
DA:60,0
DA:61,0
DA:62,0
DA:63,0
DA:64,0
DA:65,0
DA:68,0
DA:69,0
DA:70,0
DA:71,0
DA:72,0
DA:73,0
DA:74,0
DA:75,0
DA:81,0
DA:82,0
DA:83,0
DA:84,0
DA:85,0
DA:86,0
DA:87,0
DA:88,0
DA:89,0
DA:92,0
DA:93,0
DA:94,0
DA:101,0
DA:102,0
DA:107,0
DA:108,0
DA:109,0
DA:113,0
DA:118,0
DA:119,0
DA:120,0
DA:121,0
DA:123,0
DA:124,0
DA:129,0
DA:130,0
DA:131,0
DA:132,0
DA:135,0
DA:136,0
DA:137,0
DA:139,0
DA:142,0
DA:143,0
DA:148,0
DA:149,0
DA:150,0
DA:153,0
DA:154,0
DA:155,0
DA:158,0
DA:159,0
DA:162,0
DA:165,0
DA:166,0
DA:167,0
DA:170,0
DA:171,0
DA:177,0
DA:179,0
DA:182,0
DA:183,0
DA:186,0
DA:187,0
DA:188,0
DA:189,0
DA:190,0
DA:193,0
DA:194,0
DA:195,0
DA:196,0
DA:199,0
DA:200,0
DA:206,0
DA:208,0
DA:211,0
DA:212,0
DA:215,0
DA:216,0
DA:217,0
DA:220,0
DA:221,0
DA:222,0
DA:223,0
DA:226,0
DA:227,0
DA:233,0
DA:234,0
DA:237,0
LF:107
LH:1
end_of_record
SF:lib/view/color_picker.dart
DA:13,0
DA:15,0
DA:16,0
DA:17,0
DA:18,0
DA:20,0
DA:23,0
DA:24,0
DA:29,0
DA:36,0
DA:37,0
DA:45,0
DA:47,0
DA:48,0
DA:51,0
DA:53,0
DA:54,0
DA:57,0
DA:59,0
DA:60,0
DA:61,0
DA:64,0
DA:66,0
DA:67,0
DA:68,0
DA:69,0
DA:70,0
DA:71,0
DA:72,0
DA:73,0
DA:74,0
DA:75,0
DA:78,0
DA:79,0
DA:80,0
DA:90,0
DA:91,0
DA:92,0
DA:94,0
DA:95,0
DA:96,0
DA:99,0
DA:100,0
DA:102,0
DA:114,0
DA:137,0
DA:138,0
DA:146,0
DA:148,0
DA:149,0
DA:150,0
DA:152,0
DA:154,0
DA:156,0
DA:158,0
DA:160,0
DA:162,0
DA:163,0
DA:165,0
DA:169,0
DA:172,0
DA:174,0
DA:175,0
DA:176,0
DA:177,0
DA:181,0
DA:183,0
DA:184,0
DA:185,0
DA:189,0
DA:190,0
DA:191,0
DA:192,0
DA:193,0
DA:194,0
DA:197,0
DA:198,0
DA:199,0
DA:201,0
DA:202,0
DA:203,0
DA:204,0
DA:205,0
DA:208,0
DA:209,0
DA:210,0
DA:211,0
DA:213,0
DA:215,0
DA:216,0
DA:217,0
DA:224,0
DA:225,0
DA:226,0
DA:227,0
DA:228,0
DA:229,0
DA:230,0
DA:231,0
DA:233,0
DA:235,0
DA:237,0
DA:239,0
DA:242,0
DA:248,0
DA:250,0
DA:251,0
DA:252,0
DA:253,0
DA:254,0
DA:266,0
DA:269,0
DA:278,0
DA:279,0
DA:280,0
DA:281,0
DA:282,0
DA:283,0
DA:284,0
DA:287,0
DA:288,0
DA:289,0
DA:290,0
DA:292,0
DA:296,0
DA:301,0
DA:302,0
DA:303,0
DA:304,0
DA:313,0
DA:315,0
DA:317,0
DA:318,0
DA:320,0
DA:322,0
DA:323,0
DA:326,0
DA:327,0
DA:334,0
DA:343,0
DA:344,0
DA:345,0
DA:346,0
DA:347,0
DA:348,0
DA:352,0
DA:354,0
DA:357,0
DA:358,0
DA:359,0
DA:360,0
DA:363,0
DA:365,0
DA:366,0
DA:367,0
DA:368,0
DA:370,0
DA:371,0
DA:373,0
DA:375,0
DA:376,0
DA:378,0
DA:379,0
DA:380,0
DA:381,0
DA:385,0
DA:386,0
DA:387,0
DA:388,0
DA:398,0
DA:400,0
DA:401,0
DA:404,0
DA:410,0
DA:415,0
DA:417,0
DA:419,0
DA:420,0
DA:421,0
DA:422,0
DA:423,0
DA:424,0
DA:425,0
DA:426,0
DA:428,0
DA:440,0
DA:441,0
DA:443,0
DA:444,0
DA:445,0
DA:447,0
DA:448,0
DA:449,0
DA:450,0
DA:453,0
DA:454,0
DA:458,0
LF:197
LH:0
end_of_record
SF:lib/widgets/buttons/play_button.dart
DA:10,0
DA:23,0
DA:25,0
DA:26,0
DA:27,0
DA:28,0
DA:29,0
DA:30,0
DA:32,0
DA:34,0
DA:35,0
DA:38,0
DA:40,0
DA:41,0
DA:42,0
DA:43,0
DA:47,0
DA:48,0
DA:49,0
DA:50,0
DA:53,0
DA:59,0
DA:60,0
DA:75,1
DA:77,0
DA:78,0
DA:86,0
DA:88,0
DA:89,0
DA:90,0
DA:91,0
DA:94,0
DA:95,0
DA:100,0
DA:102,0
DA:103,0
DA:106,0
DA:109,0
DA:113,0
DA:114,0
DA:118,0
LF:41
LH:1
end_of_record
SF:lib/view/ff_exhibition_participants.dart
DA:13,0
DA:19,0
DA:20,0
DA:21,0
DA:22,0
DA:23,0
DA:24,0
DA:29,0
DA:30,0
DA:32,0
DA:33,0
DA:34,0
DA:35,0
DA:36,0
DA:37,0
DA:38,0
DA:39,0
DA:40,0
DA:41,0
DA:42,0
DA:45,0
DA:46,0
DA:47,0
DA:53,0
DA:54,0
DA:55,0
DA:56,0
DA:60,0
DA:61,0
LF:29
LH:0
end_of_record
SF:lib/view/john_gerrard_live_performance.dart
DA:19,0
DA:21,0
DA:23,0
DA:29,0
DA:31,0
DA:32,0
DA:35,0
DA:37,0
DA:38,0
DA:39,0
DA:42,0
DA:44,0
DA:45,0
DA:48,0
DA:50,0
DA:51,0
DA:52,0
DA:53,0
DA:54,0
DA:55,0
DA:56,0
DA:59,0
DA:60,0
DA:63,0
DA:64,0
DA:69,0
DA:70,0
DA:73,0
DA:74,0
DA:80,0
DA:81,0
DA:84,0
DA:85,0
DA:90,0
DA:91,0
DA:94,0
DA:95,0
DA:97,0
DA:98,0
DA:99,0
DA:103,0
DA:104,0
DA:105,0
DA:110,0
DA:111,0
DA:116,0
LF:46
LH:0
end_of_record
SF:lib/view/title_text.dart
DA:5,0
DA:17,0
DA:18,0
DA:19,0
DA:20,0
DA:21,0
DA:23,0
DA:24,0
DA:25,0
LF:9
LH:0
end_of_record
SF:lib/view/expandable_with_option.dart
DA:8,0
DA:13,0
DA:14,0
DA:18,0
DA:20,0
DA:23,0
DA:24,0
DA:27,0
DA:29,0
DA:30,0
DA:31,0
DA:32,0
DA:34,0
DA:35,0
DA:37,0
LF:15
LH:0
end_of_record
SF:lib/view/header_with_animated_below.dart
DA:9,0
DA:16,0
DA:17,0
DA:25,0
DA:27,0
DA:30,0
DA:36,0
DA:37,0
DA:41,0
DA:44,0
DA:45,0
DA:49,0
DA:50,0
DA:51,0
DA:53,0
DA:57,0
DA:59,0
DA:60,0
DA:61,0
DA:62,0
DA:65,0
DA:66,0
DA:68,0
DA:73,0
DA:75,0
DA:76,0
DA:77,0
DA:80,0
DA:82,0
DA:83,0
DA:84,0
DA:85,0
DA:86,0
DA:87,0
DA:88,0
DA:89,0
DA:96,0
LF:37
LH:0
end_of_record
SF:lib/widgets/now_playing_bar/expanded_now_playing_bar.dart
DA:10,0
DA:13,0
DA:15,0
DA:16,0
DA:18,0
DA:20,0
DA:21,0
DA:22,0
DA:24,0
DA:25,0
DA:26,0
DA:27,0
DA:28,0
DA:29,0
DA:31,0
DA:33,0
DA:34,0
DA:37,0
DA:38,0
DA:40,0
DA:41,0
DA:44,0
DA:45,0
DA:47,0
DA:48,0
LF:25
LH:0
end_of_record
SF:lib/widgets/now_playing_bar/status_bar.dart
DA:6,1
DA:10,0
DA:12,0
DA:13,0
DA:14,0
DA:15,0
DA:16,0
DA:17,0
DA:18,0
DA:20,0
DA:22,0
DA:23,0
DA:26,0
DA:27,0
DA:28,0
LF:15
LH:1
end_of_record
SF:lib/view/passkey/having_trouble_view.dart
DA:11,2
DA:13,0
DA:14,0
DA:15,0
DA:16,0
DA:17,0
DA:18,0
DA:20,0
DA:23,0
DA:27,0
DA:32,0
DA:33,0
DA:34,0
LF:13
LH:1
end_of_record
SF:lib/widgets/buttons/back_button.dart
DA:7,0
DA:16,0
DA:18,0
DA:19,0
DA:20,0
DA:22,0
DA:23,0
DA:24,0
DA:27,0
DA:33,0
DA:34,0
DA:35,0
DA:36,0
DA:37,0
DA:38,0
DA:39,0
LF:16
LH:0
end_of_record
SF:lib/widgets/buttons/send_button.dart
DA:6,0
DA:10,0
DA:12,0
DA:13,0
DA:14,0
DA:15,0
DA:16,0
DA:21,0
DA:22,0
LF:9
LH:0
end_of_record
SF:lib/widgets/command-dot/command_dot.dart
DA:6,0
DA:9,0
DA:11,0
DA:12,0
DA:13,0
DA:14,0
DA:15,0
DA:16,0
DA:19,0
DA:21,0
DA:22,0
DA:25,0
LF:12
LH:0
end_of_record
SF:lib/widgets/now_playing_bar/display_item.dart
DA:16,0
DA:30,0
DA:32,0
DA:34,0
DA:35,0
DA:36,0
DA:39,0
DA:40,0
DA:41,0
DA:42,0
DA:45,0
DA:46,0
DA:48,0
DA:49,0
DA:50,0
DA:51,0
DA:54,0
DA:56,0
DA:57,0
DA:58,0
DA:60,0
DA:66,0
DA:67,0
DA:68,0
DA:71,0
DA:72,0
DA:73,0
DA:74,0
DA:77,0
DA:79,0
DA:80,0
DA:83,0
DA:88,0
DA:90,0
DA:91,0
DA:92,0
DA:93,0
DA:94,0
DA:95,0
DA:96,0
DA:97,0
DA:101,0
DA:105,0
DA:106,0
DA:108,0
DA:110,0
DA:111,0
DA:114,0
DA:115,0
DA:116,0
DA:121,0
DA:136,0
DA:137,0
DA:141,0
DA:142,0
DA:143,0
LF:56
LH:0
end_of_record
SF:lib/widgets/now_playing_bar/top_line.dart
DA:5,2
DA:7,0
DA:9,0
DA:10,0
DA:11,0
DA:12,0
DA:14,0
DA:15,0
LF:8
LH:1
end_of_record
SF:lib/widgets/now_playing_bar/device_sub_nav.dart
DA:10,1
DA:12,0
DA:13,0
DA:19,0
DA:21,0
DA:22,0
DA:25,0
DA:26,0
DA:27,0
DA:30,0
DA:32,0
DA:33,0
DA:34,0
DA:35,0
DA:38,0
DA:39,0
DA:40,0
DA:41,0
DA:42,0
DA:47,0
DA:49,0
DA:50,0
DA:52,0
DA:56,0
DA:58,0
DA:60,0
DA:61,0
DA:62,0
DA:63,0
DA:64,0
DA:65,0
DA:66,0
DA:67,0
DA:69,0
DA:70,0
DA:71,0
DA:72,0
DA:73,0
DA:76,0
DA:77,0
DA:82,0
DA:83,0
DA:84,0
DA:88,0
DA:93,0
LF:45
LH:1
end_of_record
SF:lib/widgets/now_playing_bar/display_item_list.dart
DA:19,0
DA:28,0
DA:29,0
DA:38,0
DA:39,0
DA:40,0
DA:41,0
DA:42,0
DA:43,0
DA:44,0
DA:45,0
DA:50,0
DA:51,0
DA:53,0
DA:54,0
DA:55,0
DA:57,0
DA:58,0
DA:60,0
DA:61,0
DA:62,0
DA:63,0
DA:64,0
DA:73,0
DA:77,0
DA:80,0
DA:82,0
DA:83,0
DA:84,0
DA:85,0
DA:87,0
DA:88,0
DA:91,0
DA:96,0
DA:98,0
DA:101,0
DA:102,0
DA:103,0
DA:104,0
DA:105,0
DA:106,0
DA:109,0
DA:110,0
DA:114,0
DA:116,0
DA:117,0
DA:118,0
DA:121,0
DA:123,0
DA:124,0
DA:125,0
DA:126,0
DA:127,0
DA:128,0
DA:132,0
DA:133,0
DA:134,0
DA:137,0
DA:138,0
DA:139,0
DA:142,0
DA:143,0
DA:144,0
DA:145,0
DA:146,0
DA:147,0
DA:149,0
DA:150,0
DA:151,0
DA:154,0
DA:155,0
DA:156,0
DA:157,0
DA:158,0
DA:159,0
DA:160,0
DA:162,0
DA:163,0
DA:165,0
DA:167,0
DA:168,0
DA:169,0
DA:170,0
DA:172,0
DA:173,0
DA:181,0
DA:182,0
DA:185,0
DA:192,0
DA:195,0
DA:196,0
DA:197,0
DA:198,0
DA:200,0
DA:217,0
DA:219,0
DA:220,0
DA:232,0
DA:233,0
DA:234,0
DA:235,0
DA:236,0
DA:239,0
LF:103
LH:0
end_of_record
